mode: atomic
groupinary/server.go:28.13,31.16 2 0
groupinary/server.go:31.16,33.3 1 0
groupinary/server.go:34.2,38.16 4 0
groupinary/server.go:38.16,40.3 1 0
groupinary/server.go:43.2,44.16 2 0
groupinary/server.go:44.16,46.3 1 0
groupinary/server.go:47.2,58.16 3 0
groupinary/server.go:58.16,60.3 1 0
groupinary/server.go:62.2,65.60 2 0
groupinary/server.go:65.60,66.72 1 0
groupinary/server.go:66.72,69.16 2 0
groupinary/server.go:69.16,74.39 2 0
groupinary/server.go:74.39,76.6 1 0
groupinary/server.go:76.11,78.6 1 0
groupinary/server.go:81.5,81.40 1 0
groupinary/server.go:81.40,85.6 2 0
groupinary/server.go:86.5,86.109 1 0
groupinary/server.go:89.4,89.24 1 0
groupinary/server.go:93.2,93.54 1 0
groupinary/server.go:93.54,94.72 1 0
groupinary/server.go:94.72,99.4 1 0
groupinary/server.go:102.2,110.26 6 0
groupinary/server.go:110.26,113.3 2 0
groupinary/server.go:113.8,115.3 1 0
groupinary/graph/generated.go:27.63,34.2 1 0
groupinary/graph/generated.go:184.49,185.21 1 0
groupinary/graph/generated.go:185.21,187.3 1 0
groupinary/graph/generated.go:188.2,188.21 1 0
groupinary/graph/generated.go:191.128,194.32 3 0
groupinary/graph/generated.go:196.31,197.48 1 0
groupinary/graph/generated.go:197.48,198.9 1 0
groupinary/graph/generated.go:201.3,201.67 1 0
groupinary/graph/generated.go:203.28,204.45 1 0
groupinary/graph/generated.go:204.45,205.9 1 0
groupinary/graph/generated.go:208.3,208.64 1 0
groupinary/graph/generated.go:210.32,211.49 1 0
groupinary/graph/generated.go:211.49,212.9 1 0
groupinary/graph/generated.go:215.3,215.68 1 0
groupinary/graph/generated.go:217.23,218.40 1 0
groupinary/graph/generated.go:218.40,219.9 1 0
groupinary/graph/generated.go:222.3,222.59 1 0
groupinary/graph/generated.go:224.31,225.48 1 0
groupinary/graph/generated.go:225.48,226.9 1 0
groupinary/graph/generated.go:229.3,229.67 1 0
groupinary/graph/generated.go:231.25,232.42 1 0
groupinary/graph/generated.go:232.42,233.9 1 0
groupinary/graph/generated.go:236.3,236.61 1 0
groupinary/graph/generated.go:238.36,239.53 1 0
groupinary/graph/generated.go:239.53,240.9 1 0
groupinary/graph/generated.go:243.3,243.72 1 0
groupinary/graph/generated.go:245.39,246.56 1 0
groupinary/graph/generated.go:246.56,247.9 1 0
groupinary/graph/generated.go:250.3,250.75 1 0
groupinary/graph/generated.go:252.41,253.58 1 0
groupinary/graph/generated.go:253.58,254.9 1 0
groupinary/graph/generated.go:257.3,257.77 1 0
groupinary/graph/generated.go:259.31,260.48 1 0
groupinary/graph/generated.go:260.48,261.9 1 0
groupinary/graph/generated.go:264.3,264.67 1 0
groupinary/graph/generated.go:266.29,267.46 1 0
groupinary/graph/generated.go:267.46,268.9 1 0
groupinary/graph/generated.go:271.3,271.65 1 0
groupinary/graph/generated.go:273.26,274.43 1 0
groupinary/graph/generated.go:274.43,275.9 1 0
groupinary/graph/generated.go:278.3,278.62 1 0
groupinary/graph/generated.go:280.27,281.44 1 0
groupinary/graph/generated.go:281.44,282.9 1 0
groupinary/graph/generated.go:285.3,285.63 1 0
groupinary/graph/generated.go:287.18,288.35 1 0
groupinary/graph/generated.go:288.35,289.9 1 0
groupinary/graph/generated.go:292.3,292.54 1 0
groupinary/graph/generated.go:294.20,295.37 1 0
groupinary/graph/generated.go:295.37,296.9 1 0
groupinary/graph/generated.go:299.3,299.56 1 0
groupinary/graph/generated.go:301.26,302.43 1 0
groupinary/graph/generated.go:302.43,303.9 1 0
groupinary/graph/generated.go:306.3,306.62 1 0
groupinary/graph/generated.go:308.21,309.38 1 0
groupinary/graph/generated.go:309.38,310.9 1 0
groupinary/graph/generated.go:313.3,313.57 1 0
groupinary/graph/generated.go:315.21,316.38 1 0
groupinary/graph/generated.go:316.38,317.9 1 0
groupinary/graph/generated.go:320.3,321.17 2 0
groupinary/graph/generated.go:321.17,323.4 1 0
groupinary/graph/generated.go:325.3,325.246 1 0
groupinary/graph/generated.go:327.31,328.48 1 0
groupinary/graph/generated.go:328.48,329.9 1 0
groupinary/graph/generated.go:332.3,333.17 2 0
groupinary/graph/generated.go:333.17,335.4 1 0
groupinary/graph/generated.go:337.3,337.155 1 0
groupinary/graph/generated.go:339.32,340.49 1 0
groupinary/graph/generated.go:340.49,341.9 1 0
groupinary/graph/generated.go:344.3,345.17 2 0
groupinary/graph/generated.go:345.17,347.4 1 0
groupinary/graph/generated.go:349.3,349.119 1 0
groupinary/graph/generated.go:351.30,352.47 1 0
groupinary/graph/generated.go:352.47,353.9 1 0
groupinary/graph/generated.go:356.3,357.17 2 0
groupinary/graph/generated.go:357.17,359.4 1 0
groupinary/graph/generated.go:361.3,361.127 1 0
groupinary/graph/generated.go:363.31,364.48 1 0
groupinary/graph/generated.go:364.48,365.9 1 0
groupinary/graph/generated.go:368.3,369.17 2 0
groupinary/graph/generated.go:369.17,371.4 1 0
groupinary/graph/generated.go:373.3,373.114 1 0
groupinary/graph/generated.go:375.30,376.47 1 0
groupinary/graph/generated.go:376.47,377.9 1 0
groupinary/graph/generated.go:380.3,381.17 2 0
groupinary/graph/generated.go:381.17,383.4 1 0
groupinary/graph/generated.go:385.3,385.120 1 0
groupinary/graph/generated.go:387.35,388.52 1 0
groupinary/graph/generated.go:388.52,389.9 1 0
groupinary/graph/generated.go:392.3,393.17 2 0
groupinary/graph/generated.go:393.17,395.4 1 0
groupinary/graph/generated.go:397.3,397.89 1 0
groupinary/graph/generated.go:399.30,400.47 1 0
groupinary/graph/generated.go:400.47,401.9 1 0
groupinary/graph/generated.go:404.3,405.17 2 0
groupinary/graph/generated.go:405.17,407.4 1 0
groupinary/graph/generated.go:409.3,409.84 1 0
groupinary/graph/generated.go:411.29,412.46 1 0
groupinary/graph/generated.go:412.46,413.9 1 0
groupinary/graph/generated.go:416.3,417.17 2 0
groupinary/graph/generated.go:417.17,419.4 1 0
groupinary/graph/generated.go:421.3,421.83 1 0
groupinary/graph/generated.go:423.35,424.52 1 0
groupinary/graph/generated.go:424.52,425.9 1 0
groupinary/graph/generated.go:428.3,429.17 2 0
groupinary/graph/generated.go:429.17,431.4 1 0
groupinary/graph/generated.go:433.3,433.129 1 0
groupinary/graph/generated.go:435.34,436.51 1 0
groupinary/graph/generated.go:436.51,437.9 1 0
groupinary/graph/generated.go:440.3,441.17 2 0
groupinary/graph/generated.go:441.17,443.4 1 0
groupinary/graph/generated.go:445.3,445.111 1 0
groupinary/graph/generated.go:447.33,448.50 1 0
groupinary/graph/generated.go:448.50,449.9 1 0
groupinary/graph/generated.go:452.3,453.17 2 0
groupinary/graph/generated.go:453.17,455.4 1 0
groupinary/graph/generated.go:457.3,457.153 1 0
groupinary/graph/generated.go:459.29,460.46 1 0
groupinary/graph/generated.go:460.46,461.9 1 0
groupinary/graph/generated.go:464.3,465.17 2 0
groupinary/graph/generated.go:465.17,467.4 1 0
groupinary/graph/generated.go:469.3,469.117 1 0
groupinary/graph/generated.go:471.28,472.45 1 0
groupinary/graph/generated.go:472.45,473.9 1 0
groupinary/graph/generated.go:476.3,476.64 1 0
groupinary/graph/generated.go:478.30,479.47 1 0
groupinary/graph/generated.go:479.47,480.9 1 0
groupinary/graph/generated.go:483.3,483.66 1 0
groupinary/graph/generated.go:485.34,486.51 1 0
groupinary/graph/generated.go:486.51,487.9 1 0
groupinary/graph/generated.go:490.3,490.70 1 0
groupinary/graph/generated.go:492.30,493.47 1 0
groupinary/graph/generated.go:493.47,494.9 1 0
groupinary/graph/generated.go:497.3,497.66 1 0
groupinary/graph/generated.go:499.27,500.44 1 0
groupinary/graph/generated.go:500.44,501.9 1 0
groupinary/graph/generated.go:504.3,505.17 2 0
groupinary/graph/generated.go:505.17,507.4 1 0
groupinary/graph/generated.go:509.3,509.85 1 0
groupinary/graph/generated.go:511.27,512.44 1 0
groupinary/graph/generated.go:512.44,513.9 1 0
groupinary/graph/generated.go:516.3,517.17 2 0
groupinary/graph/generated.go:517.17,519.4 1 0
groupinary/graph/generated.go:521.3,521.264 1 0
groupinary/graph/generated.go:523.38,524.55 1 0
groupinary/graph/generated.go:524.55,525.9 1 0
groupinary/graph/generated.go:528.3,529.17 2 0
groupinary/graph/generated.go:529.17,531.4 1 0
groupinary/graph/generated.go:533.3,533.298 1 0
groupinary/graph/generated.go:535.22,536.39 1 0
groupinary/graph/generated.go:536.39,537.9 1 0
groupinary/graph/generated.go:540.3,540.58 1 0
groupinary/graph/generated.go:542.20,543.37 1 0
groupinary/graph/generated.go:543.37,544.9 1 0
groupinary/graph/generated.go:547.3,548.17 2 0
groupinary/graph/generated.go:548.17,550.4 1 0
groupinary/graph/generated.go:552.3,552.74 1 0
groupinary/graph/generated.go:554.21,555.38 1 0
groupinary/graph/generated.go:555.38,556.9 1 0
groupinary/graph/generated.go:559.3,560.17 2 0
groupinary/graph/generated.go:560.17,562.4 1 0
groupinary/graph/generated.go:564.3,564.78 1 0
groupinary/graph/generated.go:566.21,567.38 1 0
groupinary/graph/generated.go:567.38,568.9 1 0
groupinary/graph/generated.go:571.3,571.57 1 0
groupinary/graph/generated.go:573.21,574.38 1 0
groupinary/graph/generated.go:574.38,575.9 1 0
groupinary/graph/generated.go:578.3,579.17 2 0
groupinary/graph/generated.go:579.17,581.4 1 0
groupinary/graph/generated.go:583.3,583.246 1 0
groupinary/graph/generated.go:585.21,586.38 1 0
groupinary/graph/generated.go:586.38,587.9 1 0
groupinary/graph/generated.go:590.3,590.57 1 0
groupinary/graph/generated.go:592.25,593.42 1 0
groupinary/graph/generated.go:593.42,594.9 1 0
groupinary/graph/generated.go:597.3,597.61 1 0
groupinary/graph/generated.go:599.26,600.43 1 0
groupinary/graph/generated.go:600.43,601.9 1 0
groupinary/graph/generated.go:604.3,605.17 2 0
groupinary/graph/generated.go:605.17,607.4 1 0
groupinary/graph/generated.go:609.3,609.263 1 0
groupinary/graph/generated.go:611.24,612.41 1 0
groupinary/graph/generated.go:612.41,613.9 1 0
groupinary/graph/generated.go:616.3,616.60 1 0
groupinary/graph/generated.go:618.21,619.38 1 0
groupinary/graph/generated.go:619.38,620.9 1 0
groupinary/graph/generated.go:623.3,623.57 1 0
groupinary/graph/generated.go:625.17,626.34 1 0
groupinary/graph/generated.go:626.34,627.9 1 0
groupinary/graph/generated.go:630.3,630.53 1 0
groupinary/graph/generated.go:632.23,633.40 1 0
groupinary/graph/generated.go:633.40,634.9 1 0
groupinary/graph/generated.go:637.3,637.59 1 0
groupinary/graph/generated.go:639.23,640.40 1 0
groupinary/graph/generated.go:640.40,641.9 1 0
groupinary/graph/generated.go:644.3,644.59 1 0
groupinary/graph/generated.go:646.25,647.42 1 0
groupinary/graph/generated.go:647.42,648.9 1 0
groupinary/graph/generated.go:651.3,651.61 1 0
groupinary/graph/generated.go:653.20,654.37 1 0
groupinary/graph/generated.go:654.37,655.9 1 0
groupinary/graph/generated.go:658.3,659.17 2 0
groupinary/graph/generated.go:659.17,661.4 1 0
groupinary/graph/generated.go:663.3,663.245 1 0
groupinary/graph/generated.go:665.25,666.42 1 0
groupinary/graph/generated.go:666.42,667.9 1 0
groupinary/graph/generated.go:670.3,670.61 1 0
groupinary/graph/generated.go:672.22,673.39 1 0
groupinary/graph/generated.go:673.39,674.9 1 0
groupinary/graph/generated.go:677.3,677.58 1 0
groupinary/graph/generated.go:679.26,680.43 1 0
groupinary/graph/generated.go:680.43,681.9 1 0
groupinary/graph/generated.go:684.3,685.17 2 0
groupinary/graph/generated.go:685.17,687.4 1 0
groupinary/graph/generated.go:689.3,689.263 1 0
groupinary/graph/generated.go:691.26,692.43 1 0
groupinary/graph/generated.go:692.43,693.9 1 0
groupinary/graph/generated.go:696.3,697.17 2 0
groupinary/graph/generated.go:697.17,699.4 1 0
groupinary/graph/generated.go:701.3,701.251 1 0
groupinary/graph/generated.go:703.26,704.43 1 0
groupinary/graph/generated.go:704.43,705.9 1 0
groupinary/graph/generated.go:708.3,708.62 1 0
groupinary/graph/generated.go:710.20,711.37 1 0
groupinary/graph/generated.go:711.37,712.9 1 0
groupinary/graph/generated.go:715.3,715.56 1 0
groupinary/graph/generated.go:717.17,718.34 1 0
groupinary/graph/generated.go:718.34,719.9 1 0
groupinary/graph/generated.go:722.3,722.53 1 0
groupinary/graph/generated.go:724.22,725.39 1 0
groupinary/graph/generated.go:725.39,726.9 1 0
groupinary/graph/generated.go:729.3,729.58 1 0
groupinary/graph/generated.go:731.25,732.42 1 0
groupinary/graph/generated.go:732.42,733.9 1 0
groupinary/graph/generated.go:736.3,736.61 1 0
groupinary/graph/generated.go:738.30,739.47 1 0
groupinary/graph/generated.go:739.47,740.9 1 0
groupinary/graph/generated.go:743.3,743.66 1 0
groupinary/graph/generated.go:745.33,746.50 1 0
groupinary/graph/generated.go:746.50,747.9 1 0
groupinary/graph/generated.go:750.3,750.69 1 0
groupinary/graph/generated.go:752.35,753.52 1 0
groupinary/graph/generated.go:753.52,754.9 1 0
groupinary/graph/generated.go:757.3,757.71 1 0
groupinary/graph/generated.go:759.25,760.42 1 0
groupinary/graph/generated.go:760.42,761.9 1 0
groupinary/graph/generated.go:764.3,764.61 1 0
groupinary/graph/generated.go:766.23,767.40 1 0
groupinary/graph/generated.go:767.40,768.9 1 0
groupinary/graph/generated.go:771.3,771.59 1 0
groupinary/graph/generated.go:774.2,774.17 1 0
groupinary/graph/generated.go:777.78,797.32 5 0
groupinary/graph/generated.go:798.17,799.54 1 0
groupinary/graph/generated.go:799.54,802.13 3 0
groupinary/graph/generated.go:802.13,806.5 3 0
groupinary/graph/generated.go:806.10,807.50 1 0
groupinary/graph/generated.go:807.50,814.6 6 0
groupinary/graph/generated.go:814.11,816.6 1 0
groupinary/graph/generated.go:818.4,821.42 4 0
groupinary/graph/generated.go:821.42,824.5 2 0
groupinary/graph/generated.go:826.4,826.20 1 0
groupinary/graph/generated.go:828.20,829.54 1 0
groupinary/graph/generated.go:829.54,830.14 1 0
groupinary/graph/generated.go:830.14,832.5 1 0
groupinary/graph/generated.go:833.4,841.5 6 0
groupinary/graph/generated.go:844.10,845.86 1 0
groupinary/graph/generated.go:857.76,859.12 2 0
groupinary/graph/generated.go:859.12,869.31 4 0
groupinary/graph/generated.go:869.31,871.4 1 0
groupinary/graph/generated.go:872.3,872.27 1 0
groupinary/graph/generated.go:876.79,877.29 1 0
groupinary/graph/generated.go:877.29,879.3 1 0
groupinary/graph/generated.go:880.2,880.51 1 0
groupinary/graph/generated.go:883.86,884.29 1 0
groupinary/graph/generated.go:884.29,886.3 1 0
groupinary/graph/generated.go:887.2,887.81 1 0
groupinary/graph/generated.go:893.41,895.16 2 3
groupinary/graph/generated.go:895.16,896.68 1 0
groupinary/graph/generated.go:898.2,898.21 1 3
groupinary/graph/generated.go:912.137,916.37 4 0
groupinary/graph/generated.go:916.37,919.17 3 0
groupinary/graph/generated.go:919.17,921.4 1 0
groupinary/graph/generated.go:923.2,925.37 3 0
groupinary/graph/generated.go:925.37,928.17 3 0
groupinary/graph/generated.go:928.17,930.4 1 0
groupinary/graph/generated.go:932.2,934.38 3 0
groupinary/graph/generated.go:934.38,937.17 3 0
groupinary/graph/generated.go:937.17,939.4 1 0
groupinary/graph/generated.go:941.2,943.36 3 0
groupinary/graph/generated.go:943.36,946.17 3 0
groupinary/graph/generated.go:946.17,948.4 1 0
groupinary/graph/generated.go:950.2,952.39 3 0
groupinary/graph/generated.go:952.39,955.17 3 0
groupinary/graph/generated.go:955.17,957.4 1 0
groupinary/graph/generated.go:959.2,961.37 3 0
groupinary/graph/generated.go:961.37,964.17 3 0
groupinary/graph/generated.go:964.17,966.4 1 0
groupinary/graph/generated.go:968.2,969.18 2 0
groupinary/graph/generated.go:972.147,976.39 4 0
groupinary/graph/generated.go:976.39,979.17 3 0
groupinary/graph/generated.go:979.17,981.4 1 0
groupinary/graph/generated.go:983.2,985.41 3 0
groupinary/graph/generated.go:985.41,988.17 3 0
groupinary/graph/generated.go:988.17,990.4 1 0
groupinary/graph/generated.go:992.2,994.47 3 0
groupinary/graph/generated.go:994.47,997.17 3 0
groupinary/graph/generated.go:997.17,999.4 1 0
groupinary/graph/generated.go:1001.2,1002.18 2 0
groupinary/graph/generated.go:1005.148,1009.38 4 0
groupinary/graph/generated.go:1009.38,1012.17 3 0
groupinary/graph/generated.go:1012.17,1014.4 1 0
groupinary/graph/generated.go:1016.2,1018.42 3 0
groupinary/graph/generated.go:1018.42,1021.17 3 0
groupinary/graph/generated.go:1021.17,1023.4 1 0
groupinary/graph/generated.go:1025.2,1026.18 2 0
groupinary/graph/generated.go:1029.146,1033.40 4 0
groupinary/graph/generated.go:1033.40,1036.17 3 0
groupinary/graph/generated.go:1036.17,1038.4 1 0
groupinary/graph/generated.go:1040.2,1042.46 3 0
groupinary/graph/generated.go:1042.46,1045.17 3 0
groupinary/graph/generated.go:1045.17,1047.4 1 0
groupinary/graph/generated.go:1049.2,1050.18 2 0
groupinary/graph/generated.go:1053.147,1057.40 4 0
groupinary/graph/generated.go:1057.40,1060.17 3 0
groupinary/graph/generated.go:1060.17,1062.4 1 0
groupinary/graph/generated.go:1064.2,1066.39 3 0
groupinary/graph/generated.go:1066.39,1069.17 3 0
groupinary/graph/generated.go:1069.17,1071.4 1 0
groupinary/graph/generated.go:1073.2,1074.18 2 0
groupinary/graph/generated.go:1077.146,1081.36 4 0
groupinary/graph/generated.go:1081.36,1084.17 3 0
groupinary/graph/generated.go:1084.17,1086.4 1 0
groupinary/graph/generated.go:1088.2,1090.43 3 0
groupinary/graph/generated.go:1090.43,1093.17 3 0
groupinary/graph/generated.go:1093.17,1095.4 1 0
groupinary/graph/generated.go:1097.2,1098.18 2 0
groupinary/graph/generated.go:1101.151,1105.34 4 0
groupinary/graph/generated.go:1105.34,1108.17 3 0
groupinary/graph/generated.go:1108.17,1110.4 1 0
groupinary/graph/generated.go:1112.2,1113.18 2 0
groupinary/graph/generated.go:1116.146,1120.34 4 0
groupinary/graph/generated.go:1120.34,1123.17 3 0
groupinary/graph/generated.go:1123.17,1125.4 1 0
groupinary/graph/generated.go:1127.2,1128.18 2 0
groupinary/graph/generated.go:1131.145,1135.34 4 0
groupinary/graph/generated.go:1135.34,1138.17 3 0
groupinary/graph/generated.go:1138.17,1140.4 1 0
groupinary/graph/generated.go:1142.2,1143.18 2 0
groupinary/graph/generated.go:1146.151,1150.34 4 0
groupinary/graph/generated.go:1150.34,1153.17 3 0
groupinary/graph/generated.go:1153.17,1155.4 1 0
groupinary/graph/generated.go:1157.2,1159.53 3 0
groupinary/graph/generated.go:1159.53,1162.17 3 0
groupinary/graph/generated.go:1162.17,1164.4 1 0
groupinary/graph/generated.go:1166.2,1167.18 2 0
groupinary/graph/generated.go:1170.150,1174.34 4 0
groupinary/graph/generated.go:1174.34,1177.17 3 0
groupinary/graph/generated.go:1177.17,1179.4 1 0
groupinary/graph/generated.go:1181.2,1183.36 3 0
groupinary/graph/generated.go:1183.36,1186.17 3 0
groupinary/graph/generated.go:1186.17,1188.4 1 0
groupinary/graph/generated.go:1190.2,1191.18 2 0
groupinary/graph/generated.go:1194.149,1198.41 4 0
groupinary/graph/generated.go:1198.41,1201.17 3 0
groupinary/graph/generated.go:1201.17,1203.4 1 0
groupinary/graph/generated.go:1205.2,1207.40 3 0
groupinary/graph/generated.go:1207.40,1210.17 3 0
groupinary/graph/generated.go:1210.17,1212.4 1 0
groupinary/graph/generated.go:1214.2,1216.40 3 0
groupinary/graph/generated.go:1216.40,1219.17 3 0
groupinary/graph/generated.go:1219.17,1221.4 1 0
groupinary/graph/generated.go:1223.2,1224.18 2 0
groupinary/graph/generated.go:1227.145,1231.34 4 0
groupinary/graph/generated.go:1231.34,1234.17 3 0
groupinary/graph/generated.go:1234.17,1236.4 1 0
groupinary/graph/generated.go:1238.2,1240.47 3 0
groupinary/graph/generated.go:1240.47,1243.17 3 0
groupinary/graph/generated.go:1243.17,1245.4 1 0
groupinary/graph/generated.go:1247.2,1248.18 2 0
groupinary/graph/generated.go:1251.138,1255.36 4 0
groupinary/graph/generated.go:1255.36,1258.17 3 0
groupinary/graph/generated.go:1258.17,1260.4 1 0
groupinary/graph/generated.go:1262.2,1263.18 2 0
groupinary/graph/generated.go:1266.143,1270.37 4 0
groupinary/graph/generated.go:1270.37,1273.17 3 0
groupinary/graph/generated.go:1273.17,1275.4 1 0
groupinary/graph/generated.go:1277.2,1278.18 2 0
groupinary/graph/generated.go:1281.154,1285.38 4 0
groupinary/graph/generated.go:1285.38,1288.17 3 0
groupinary/graph/generated.go:1288.17,1290.4 1 0
groupinary/graph/generated.go:1292.2,1294.37 3 0
groupinary/graph/generated.go:1294.37,1297.17 3 0
groupinary/graph/generated.go:1297.17,1299.4 1 0
groupinary/graph/generated.go:1301.2,1303.37 3 0
groupinary/graph/generated.go:1303.37,1306.17 3 0
groupinary/graph/generated.go:1306.17,1308.4 1 0
groupinary/graph/generated.go:1310.2,1312.38 3 0
groupinary/graph/generated.go:1312.38,1315.17 3 0
groupinary/graph/generated.go:1315.17,1317.4 1 0
groupinary/graph/generated.go:1319.2,1321.36 3 0
groupinary/graph/generated.go:1321.36,1324.17 3 0
groupinary/graph/generated.go:1324.17,1326.4 1 0
groupinary/graph/generated.go:1328.2,1330.39 3 0
groupinary/graph/generated.go:1330.39,1333.17 3 0
groupinary/graph/generated.go:1333.17,1335.4 1 0
groupinary/graph/generated.go:1337.2,1339.37 3 0
groupinary/graph/generated.go:1339.37,1342.17 3 0
groupinary/graph/generated.go:1342.17,1344.4 1 0
groupinary/graph/generated.go:1346.2,1347.18 2 0
groupinary/graph/generated.go:1350.143,1354.37 4 0
groupinary/graph/generated.go:1354.37,1357.17 3 0
groupinary/graph/generated.go:1357.17,1359.4 1 0
groupinary/graph/generated.go:1361.2,1363.37 3 0
groupinary/graph/generated.go:1363.37,1366.17 3 0
groupinary/graph/generated.go:1366.17,1368.4 1 0
groupinary/graph/generated.go:1370.2,1372.38 3 0
groupinary/graph/generated.go:1372.38,1375.17 3 0
groupinary/graph/generated.go:1375.17,1377.4 1 0
groupinary/graph/generated.go:1379.2,1381.36 3 0
groupinary/graph/generated.go:1381.36,1384.17 3 0
groupinary/graph/generated.go:1384.17,1386.4 1 0
groupinary/graph/generated.go:1388.2,1390.39 3 0
groupinary/graph/generated.go:1390.39,1393.17 3 0
groupinary/graph/generated.go:1393.17,1395.4 1 0
groupinary/graph/generated.go:1397.2,1399.37 3 0
groupinary/graph/generated.go:1399.37,1402.17 3 0
groupinary/graph/generated.go:1402.17,1404.4 1 0
groupinary/graph/generated.go:1406.2,1407.18 2 0
groupinary/graph/generated.go:1410.136,1414.34 4 0
groupinary/graph/generated.go:1414.34,1417.17 3 0
groupinary/graph/generated.go:1417.17,1419.4 1 0
groupinary/graph/generated.go:1421.2,1422.18 2 0
groupinary/graph/generated.go:1425.137,1429.35 4 0
groupinary/graph/generated.go:1429.35,1432.17 3 0
groupinary/graph/generated.go:1432.17,1434.4 1 0
groupinary/graph/generated.go:1436.2,1437.18 2 0
groupinary/graph/generated.go:1440.137,1444.37 4 0
groupinary/graph/generated.go:1444.37,1447.17 3 0
groupinary/graph/generated.go:1447.17,1449.4 1 0
groupinary/graph/generated.go:1451.2,1453.37 3 0
groupinary/graph/generated.go:1453.37,1456.17 3 0
groupinary/graph/generated.go:1456.17,1458.4 1 0
groupinary/graph/generated.go:1460.2,1462.38 3 0
groupinary/graph/generated.go:1462.38,1465.17 3 0
groupinary/graph/generated.go:1465.17,1467.4 1 0
groupinary/graph/generated.go:1469.2,1471.36 3 0
groupinary/graph/generated.go:1471.36,1474.17 3 0
groupinary/graph/generated.go:1474.17,1476.4 1 0
groupinary/graph/generated.go:1478.2,1480.39 3 0
groupinary/graph/generated.go:1480.39,1483.17 3 0
groupinary/graph/generated.go:1483.17,1485.4 1 0
groupinary/graph/generated.go:1487.2,1489.37 3 0
groupinary/graph/generated.go:1489.37,1492.17 3 0
groupinary/graph/generated.go:1492.17,1494.4 1 0
groupinary/graph/generated.go:1496.2,1497.18 2 0
groupinary/graph/generated.go:1500.142,1504.37 4 0
groupinary/graph/generated.go:1504.37,1507.17 3 0
groupinary/graph/generated.go:1507.17,1509.4 1 0
groupinary/graph/generated.go:1511.2,1513.37 3 0
groupinary/graph/generated.go:1513.37,1516.17 3 0
groupinary/graph/generated.go:1516.17,1518.4 1 0
groupinary/graph/generated.go:1520.2,1522.38 3 0
groupinary/graph/generated.go:1522.38,1525.17 3 0
groupinary/graph/generated.go:1525.17,1527.4 1 0
groupinary/graph/generated.go:1529.2,1531.36 3 0
groupinary/graph/generated.go:1531.36,1534.17 3 0
groupinary/graph/generated.go:1534.17,1536.4 1 0
groupinary/graph/generated.go:1538.2,1540.39 3 0
groupinary/graph/generated.go:1540.39,1543.17 3 0
groupinary/graph/generated.go:1543.17,1545.4 1 0
groupinary/graph/generated.go:1547.2,1549.37 3 0
groupinary/graph/generated.go:1549.37,1552.17 3 0
groupinary/graph/generated.go:1552.17,1554.4 1 0
groupinary/graph/generated.go:1556.2,1557.18 2 0
groupinary/graph/generated.go:1560.136,1564.37 4 0
groupinary/graph/generated.go:1564.37,1567.17 3 0
groupinary/graph/generated.go:1567.17,1569.4 1 0
groupinary/graph/generated.go:1571.2,1573.37 3 0
groupinary/graph/generated.go:1573.37,1576.17 3 0
groupinary/graph/generated.go:1576.17,1578.4 1 0
groupinary/graph/generated.go:1580.2,1582.38 3 0
groupinary/graph/generated.go:1582.38,1585.17 3 0
groupinary/graph/generated.go:1585.17,1587.4 1 0
groupinary/graph/generated.go:1589.2,1591.36 3 0
groupinary/graph/generated.go:1591.36,1594.17 3 0
groupinary/graph/generated.go:1594.17,1596.4 1 0
groupinary/graph/generated.go:1598.2,1600.39 3 0
groupinary/graph/generated.go:1600.39,1603.17 3 0
groupinary/graph/generated.go:1603.17,1605.4 1 0
groupinary/graph/generated.go:1607.2,1609.37 3 0
groupinary/graph/generated.go:1609.37,1612.17 3 0
groupinary/graph/generated.go:1612.17,1614.4 1 0
groupinary/graph/generated.go:1616.2,1617.18 2 0
groupinary/graph/generated.go:1620.142,1624.37 4 0
groupinary/graph/generated.go:1624.37,1627.17 3 0
groupinary/graph/generated.go:1627.17,1629.4 1 0
groupinary/graph/generated.go:1631.2,1633.37 3 0
groupinary/graph/generated.go:1633.37,1636.17 3 0
groupinary/graph/generated.go:1636.17,1638.4 1 0
groupinary/graph/generated.go:1640.2,1642.38 3 0
groupinary/graph/generated.go:1642.38,1645.17 3 0
groupinary/graph/generated.go:1645.17,1647.4 1 0
groupinary/graph/generated.go:1649.2,1651.36 3 0
groupinary/graph/generated.go:1651.36,1654.17 3 0
groupinary/graph/generated.go:1654.17,1656.4 1 0
groupinary/graph/generated.go:1658.2,1660.39 3 0
groupinary/graph/generated.go:1660.39,1663.17 3 0
groupinary/graph/generated.go:1663.17,1665.4 1 0
groupinary/graph/generated.go:1667.2,1669.37 3 0
groupinary/graph/generated.go:1669.37,1672.17 3 0
groupinary/graph/generated.go:1672.17,1674.4 1 0
groupinary/graph/generated.go:1676.2,1677.18 2 0
groupinary/graph/generated.go:1680.142,1684.37 4 0
groupinary/graph/generated.go:1684.37,1687.17 3 0
groupinary/graph/generated.go:1687.17,1689.4 1 0
groupinary/graph/generated.go:1691.2,1693.37 3 0
groupinary/graph/generated.go:1693.37,1696.17 3 0
groupinary/graph/generated.go:1696.17,1698.4 1 0
groupinary/graph/generated.go:1700.2,1702.38 3 0
groupinary/graph/generated.go:1702.38,1705.17 3 0
groupinary/graph/generated.go:1705.17,1707.4 1 0
groupinary/graph/generated.go:1709.2,1711.36 3 0
groupinary/graph/generated.go:1711.36,1714.17 3 0
groupinary/graph/generated.go:1714.17,1716.4 1 0
groupinary/graph/generated.go:1718.2,1720.39 3 0
groupinary/graph/generated.go:1720.39,1723.17 3 0
groupinary/graph/generated.go:1723.17,1725.4 1 0
groupinary/graph/generated.go:1727.2,1729.37 3 0
groupinary/graph/generated.go:1729.37,1732.17 3 0
groupinary/graph/generated.go:1732.17,1734.4 1 0
groupinary/graph/generated.go:1736.2,1737.18 2 0
groupinary/graph/generated.go:1740.143,1744.49 4 0
groupinary/graph/generated.go:1744.49,1747.17 3 0
groupinary/graph/generated.go:1747.17,1749.4 1 0
groupinary/graph/generated.go:1751.2,1752.18 2 0
groupinary/graph/generated.go:1755.139,1759.49 4 0
groupinary/graph/generated.go:1759.49,1762.17 3 0
groupinary/graph/generated.go:1762.17,1764.4 1 0
groupinary/graph/generated.go:1766.2,1767.18 2 0
groupinary/graph/generated.go:1778.140,1780.16 2 0
groupinary/graph/generated.go:1780.16,1782.3 1 0
groupinary/graph/generated.go:1783.2,1784.15 2 0
groupinary/graph/generated.go:1784.15,1785.31 1 0
groupinary/graph/generated.go:1785.31,1788.4 2 0
groupinary/graph/generated.go:1790.2,1790.92 1 0
groupinary/graph/generated.go:1790.92,1793.3 2 0
groupinary/graph/generated.go:1794.2,1794.16 1 0
groupinary/graph/generated.go:1794.16,1797.3 2 0
groupinary/graph/generated.go:1798.2,1798.19 1 0
groupinary/graph/generated.go:1798.19,1799.38 1 0
groupinary/graph/generated.go:1799.38,1801.4 1 0
groupinary/graph/generated.go:1802.3,1802.22 1 0
groupinary/graph/generated.go:1804.2,1806.54 3 0
groupinary/graph/generated.go:1809.145,1815.97 1 0
groupinary/graph/generated.go:1815.97,1817.4 1 0
groupinary/graph/generated.go:1819.2,1819.16 1 0
groupinary/graph/generated.go:1822.148,1824.16 2 0
groupinary/graph/generated.go:1824.16,1826.3 1 0
groupinary/graph/generated.go:1827.2,1828.15 2 0
groupinary/graph/generated.go:1828.15,1829.31 1 0
groupinary/graph/generated.go:1829.31,1832.4 2 0
groupinary/graph/generated.go:1834.2,1834.92 1 0
groupinary/graph/generated.go:1834.92,1837.3 2 0
groupinary/graph/generated.go:1838.2,1838.16 1 0
groupinary/graph/generated.go:1838.16,1841.3 2 0
groupinary/graph/generated.go:1842.2,1842.19 1 0
groupinary/graph/generated.go:1842.19,1843.38 1 0
groupinary/graph/generated.go:1843.38,1845.4 1 0
groupinary/graph/generated.go:1846.3,1846.22 1 0
groupinary/graph/generated.go:1848.2,1850.64 3 0
groupinary/graph/generated.go:1853.153,1859.97 1 0
groupinary/graph/generated.go:1859.97,1861.4 1 0
groupinary/graph/generated.go:1863.2,1863.16 1 0
groupinary/graph/generated.go:1866.148,1868.16 2 0
groupinary/graph/generated.go:1868.16,1870.3 1 0
groupinary/graph/generated.go:1871.2,1872.15 2 0
groupinary/graph/generated.go:1872.15,1873.31 1 0
groupinary/graph/generated.go:1873.31,1876.4 2 0
groupinary/graph/generated.go:1878.2,1878.92 1 0
groupinary/graph/generated.go:1878.92,1881.3 2 0
groupinary/graph/generated.go:1882.2,1882.16 1 0
groupinary/graph/generated.go:1882.16,1885.3 2 0
groupinary/graph/generated.go:1886.2,1886.19 1 0
groupinary/graph/generated.go:1886.19,1887.38 1 0
groupinary/graph/generated.go:1887.38,1889.4 1 0
groupinary/graph/generated.go:1890.3,1890.22 1 0
groupinary/graph/generated.go:1892.2,1894.64 3 0
groupinary/graph/generated.go:1897.153,1903.97 1 0
groupinary/graph/generated.go:1903.97,1905.4 1 0
groupinary/graph/generated.go:1907.2,1907.16 1 0
groupinary/graph/generated.go:1910.149,1912.16 2 0
groupinary/graph/generated.go:1912.16,1914.3 1 0
groupinary/graph/generated.go:1915.2,1916.15 2 0
groupinary/graph/generated.go:1916.15,1917.31 1 0
groupinary/graph/generated.go:1917.31,1920.4 2 0
groupinary/graph/generated.go:1922.2,1922.92 1 0
groupinary/graph/generated.go:1922.92,1925.3 2 0
groupinary/graph/generated.go:1926.2,1926.16 1 0
groupinary/graph/generated.go:1926.16,1929.3 2 0
groupinary/graph/generated.go:1930.2,1930.19 1 0
groupinary/graph/generated.go:1930.19,1931.38 1 0
groupinary/graph/generated.go:1931.38,1933.4 1 0
groupinary/graph/generated.go:1934.3,1934.22 1 0
groupinary/graph/generated.go:1936.2,1938.61 3 0
groupinary/graph/generated.go:1941.154,1947.97 1 0
groupinary/graph/generated.go:1947.97,1949.4 1 0
groupinary/graph/generated.go:1951.2,1951.16 1 0
groupinary/graph/generated.go:1954.145,1956.16 2 0
groupinary/graph/generated.go:1956.16,1958.3 1 0
groupinary/graph/generated.go:1959.2,1960.15 2 0
groupinary/graph/generated.go:1960.15,1961.31 1 0
groupinary/graph/generated.go:1961.31,1964.4 2 0
groupinary/graph/generated.go:1966.2,1966.92 1 0
groupinary/graph/generated.go:1966.92,1969.3 2 0
groupinary/graph/generated.go:1970.2,1970.16 1 0
groupinary/graph/generated.go:1970.16,1973.3 2 0
groupinary/graph/generated.go:1974.2,1974.19 1 0
groupinary/graph/generated.go:1974.19,1976.3 1 0
groupinary/graph/generated.go:1977.2,1979.79 3 0
groupinary/graph/generated.go:1982.150,1988.97 1 0
groupinary/graph/generated.go:1988.97,1989.22 1 0
groupinary/graph/generated.go:1990.14,1991.47 1 0
groupinary/graph/generated.go:1992.22,1993.55 1 0
groupinary/graph/generated.go:1994.22,1995.55 1 0
groupinary/graph/generated.go:1996.18,1997.51 1 0
groupinary/graph/generated.go:1998.21,1999.54 1 0
groupinary/graph/generated.go:2000.20,2001.53 1 0
groupinary/graph/generated.go:2002.20,2003.53 1 0
groupinary/graph/generated.go:2004.18,2005.51 1 0
groupinary/graph/generated.go:2006.23,2007.56 1 0
groupinary/graph/generated.go:2008.17,2009.50 1 0
groupinary/graph/generated.go:2011.4,2011.85 1 0
groupinary/graph/generated.go:2014.2,2014.16 1 0
groupinary/graph/generated.go:2017.142,2019.16 2 0
groupinary/graph/generated.go:2019.16,2021.3 1 0
groupinary/graph/generated.go:2022.2,2023.15 2 0
groupinary/graph/generated.go:2023.15,2024.31 1 0
groupinary/graph/generated.go:2024.31,2027.4 2 0
groupinary/graph/generated.go:2029.2,2029.92 1 0
groupinary/graph/generated.go:2029.92,2032.3 2 0
groupinary/graph/generated.go:2033.2,2033.16 1 0
groupinary/graph/generated.go:2033.16,2036.3 2 0
groupinary/graph/generated.go:2037.2,2037.19 1 0
groupinary/graph/generated.go:2037.19,2039.3 1 0
groupinary/graph/generated.go:2040.2,2042.79 3 0
groupinary/graph/generated.go:2045.147,2051.97 1 0
groupinary/graph/generated.go:2051.97,2052.22 1 0
groupinary/graph/generated.go:2053.14,2054.47 1 0
groupinary/graph/generated.go:2055.22,2056.55 1 0
groupinary/graph/generated.go:2057.22,2058.55 1 0
groupinary/graph/generated.go:2059.23,2060.56 1 0
groupinary/graph/generated.go:2061.19,2062.52 1 0
groupinary/graph/generated.go:2063.17,2064.50 1 0
groupinary/graph/generated.go:2065.23,2066.56 1 0
groupinary/graph/generated.go:2067.19,2068.52 1 0
groupinary/graph/generated.go:2069.23,2070.56 1 0
groupinary/graph/generated.go:2072.4,2072.85 1 0
groupinary/graph/generated.go:2075.2,2075.16 1 0
groupinary/graph/generated.go:2078.163,2080.16 2 0
groupinary/graph/generated.go:2080.16,2082.3 1 0
groupinary/graph/generated.go:2083.2,2084.15 2 0
groupinary/graph/generated.go:2084.15,2085.31 1 0
groupinary/graph/generated.go:2085.31,2088.4 2 0
groupinary/graph/generated.go:2090.2,2090.92 1 0
groupinary/graph/generated.go:2090.92,2093.3 2 0
groupinary/graph/generated.go:2094.2,2094.16 1 0
groupinary/graph/generated.go:2094.16,2097.3 2 0
groupinary/graph/generated.go:2098.2,2098.19 1 0
groupinary/graph/generated.go:2098.19,2100.3 1 0
groupinary/graph/generated.go:2101.2,2103.102 3 0
groupinary/graph/generated.go:2106.158,2112.97 1 0
groupinary/graph/generated.go:2112.97,2113.22 1 0
groupinary/graph/generated.go:2114.16,2115.59 1 0
groupinary/graph/generated.go:2116.18,2117.61 1 0
groupinary/graph/generated.go:2119.4,2119.95 1 0
groupinary/graph/generated.go:2122.2,2122.16 1 0
groupinary/graph/generated.go:2125.166,2127.16 2 0
groupinary/graph/generated.go:2127.16,2129.3 1 0
groupinary/graph/generated.go:2130.2,2131.15 2 0
groupinary/graph/generated.go:2131.15,2132.31 1 0
groupinary/graph/generated.go:2132.31,2135.4 2 0
groupinary/graph/generated.go:2137.2,2137.92 1 0
groupinary/graph/generated.go:2137.92,2140.3 2 0
groupinary/graph/generated.go:2141.2,2141.16 1 0
groupinary/graph/generated.go:2141.16,2144.3 2 0
groupinary/graph/generated.go:2145.2,2145.19 1 0
groupinary/graph/generated.go:2145.19,2146.38 1 0
groupinary/graph/generated.go:2146.38,2148.4 1 0
groupinary/graph/generated.go:2149.3,2149.22 1 0
groupinary/graph/generated.go:2151.2,2153.97 3 0
groupinary/graph/generated.go:2156.161,2162.97 1 0
groupinary/graph/generated.go:2162.97,2163.22 1 0
groupinary/graph/generated.go:2164.23,2165.60 1 0
groupinary/graph/generated.go:2166.27,2167.64 1 0
groupinary/graph/generated.go:2168.23,2169.60 1 0
groupinary/graph/generated.go:2170.21,2171.58 1 0
groupinary/graph/generated.go:2173.4,2173.89 1 0
groupinary/graph/generated.go:2176.2,2176.16 1 0
groupinary/graph/generated.go:2179.168,2181.16 2 0
groupinary/graph/generated.go:2181.16,2183.3 1 0
groupinary/graph/generated.go:2184.2,2185.15 2 0
groupinary/graph/generated.go:2185.15,2186.31 1 0
groupinary/graph/generated.go:2186.31,2189.4 2 0
groupinary/graph/generated.go:2191.2,2191.92 1 0
groupinary/graph/generated.go:2191.92,2194.3 2 0
groupinary/graph/generated.go:2195.2,2195.16 1 0
groupinary/graph/generated.go:2195.16,2198.3 2 0
groupinary/graph/generated.go:2199.2,2199.19 1 0
groupinary/graph/generated.go:2199.19,2200.38 1 0
groupinary/graph/generated.go:2200.38,2202.4 1 0
groupinary/graph/generated.go:2203.3,2203.22 1 0
groupinary/graph/generated.go:2205.2,2207.55 3 0
groupinary/graph/generated.go:2210.163,2216.97 1 0
groupinary/graph/generated.go:2216.97,2218.4 1 0
groupinary/graph/generated.go:2220.2,2220.16 1 0
groupinary/graph/generated.go:2223.150,2225.16 2 0
groupinary/graph/generated.go:2225.16,2227.3 1 0
groupinary/graph/generated.go:2228.2,2229.15 2 0
groupinary/graph/generated.go:2229.15,2230.31 1 0
groupinary/graph/generated.go:2230.31,2233.4 2 0
groupinary/graph/generated.go:2235.2,2235.92 1 0
groupinary/graph/generated.go:2235.92,2238.3 2 0
groupinary/graph/generated.go:2239.2,2239.16 1 0
groupinary/graph/generated.go:2239.16,2242.3 2 0
groupinary/graph/generated.go:2243.2,2243.19 1 0
groupinary/graph/generated.go:2243.19,2245.3 1 0
groupinary/graph/generated.go:2246.2,2248.91 3 0
groupinary/graph/generated.go:2251.151,2257.97 1 0
groupinary/graph/generated.go:2257.97,2258.22 1 0
groupinary/graph/generated.go:2259.14,2260.53 1 0
groupinary/graph/generated.go:2261.22,2262.61 1 0
groupinary/graph/generated.go:2263.22,2264.61 1 0
groupinary/graph/generated.go:2265.23,2266.62 1 0
groupinary/graph/generated.go:2267.19,2268.58 1 0
groupinary/graph/generated.go:2269.16,2270.55 1 0
groupinary/graph/generated.go:2272.4,2272.91 1 0
groupinary/graph/generated.go:2275.2,2275.16 1 0
groupinary/graph/generated.go:2278.152,2280.16 2 0
groupinary/graph/generated.go:2280.16,2282.3 1 0
groupinary/graph/generated.go:2283.2,2284.15 2 0
groupinary/graph/generated.go:2284.15,2285.31 1 0
groupinary/graph/generated.go:2285.31,2288.4 2 0
groupinary/graph/generated.go:2290.2,2290.92 1 0
groupinary/graph/generated.go:2290.92,2293.3 2 0
groupinary/graph/generated.go:2294.2,2294.16 1 0
groupinary/graph/generated.go:2294.16,2297.3 2 0
groupinary/graph/generated.go:2298.2,2298.19 1 0
groupinary/graph/generated.go:2298.19,2299.38 1 0
groupinary/graph/generated.go:2299.38,2301.4 1 0
groupinary/graph/generated.go:2302.3,2302.22 1 0
groupinary/graph/generated.go:2304.2,2306.93 3 0
groupinary/graph/generated.go:2309.153,2315.97 1 0
groupinary/graph/generated.go:2315.97,2317.4 1 0
groupinary/graph/generated.go:2319.2,2319.16 1 0
groupinary/graph/generated.go:2322.130,2324.16 2 0
groupinary/graph/generated.go:2324.16,2326.3 1 0
groupinary/graph/generated.go:2327.2,2328.15 2 0
groupinary/graph/generated.go:2328.15,2329.31 1 0
groupinary/graph/generated.go:2329.31,2332.4 2 0
groupinary/graph/generated.go:2334.2,2334.92 1 0
groupinary/graph/generated.go:2334.92,2337.3 2 0
groupinary/graph/generated.go:2338.2,2338.16 1 0
groupinary/graph/generated.go:2338.16,2341.3 2 0
groupinary/graph/generated.go:2342.2,2342.19 1 0
groupinary/graph/generated.go:2342.19,2343.38 1 0
groupinary/graph/generated.go:2343.38,2345.4 1 0
groupinary/graph/generated.go:2346.3,2346.22 1 0
groupinary/graph/generated.go:2348.2,2350.54 3 0
groupinary/graph/generated.go:2353.140,2359.97 1 0
groupinary/graph/generated.go:2359.97,2361.4 1 0
groupinary/graph/generated.go:2363.2,2363.16 1 0
groupinary/graph/generated.go:2366.138,2368.16 2 0
groupinary/graph/generated.go:2368.16,2370.3 1 0
groupinary/graph/generated.go:2371.2,2372.15 2 0
groupinary/graph/generated.go:2372.15,2373.31 1 0
groupinary/graph/generated.go:2373.31,2376.4 2 0
groupinary/graph/generated.go:2378.2,2378.92 1 0
groupinary/graph/generated.go:2378.92,2381.3 2 0
groupinary/graph/generated.go:2382.2,2382.16 1 0
groupinary/graph/generated.go:2382.16,2385.3 2 0
groupinary/graph/generated.go:2386.2,2386.19 1 0
groupinary/graph/generated.go:2386.19,2387.38 1 0
groupinary/graph/generated.go:2387.38,2389.4 1 0
groupinary/graph/generated.go:2390.3,2390.22 1 0
groupinary/graph/generated.go:2392.2,2394.64 3 0
groupinary/graph/generated.go:2397.148,2403.97 1 0
groupinary/graph/generated.go:2403.97,2405.4 1 0
groupinary/graph/generated.go:2407.2,2407.16 1 0
groupinary/graph/generated.go:2410.138,2412.16 2 0
groupinary/graph/generated.go:2412.16,2414.3 1 0
groupinary/graph/generated.go:2415.2,2416.15 2 0
groupinary/graph/generated.go:2416.15,2417.31 1 0
groupinary/graph/generated.go:2417.31,2420.4 2 0
groupinary/graph/generated.go:2422.2,2422.92 1 0
groupinary/graph/generated.go:2422.92,2425.3 2 0
groupinary/graph/generated.go:2426.2,2426.16 1 0
groupinary/graph/generated.go:2426.16,2429.3 2 0
groupinary/graph/generated.go:2430.2,2430.19 1 0
groupinary/graph/generated.go:2430.19,2431.38 1 0
groupinary/graph/generated.go:2431.38,2433.4 1 0
groupinary/graph/generated.go:2434.3,2434.22 1 0
groupinary/graph/generated.go:2436.2,2438.64 3 0
groupinary/graph/generated.go:2441.148,2447.97 1 0
groupinary/graph/generated.go:2447.97,2449.4 1 0
groupinary/graph/generated.go:2451.2,2451.16 1 0
groupinary/graph/generated.go:2454.132,2456.16 2 0
groupinary/graph/generated.go:2456.16,2458.3 1 0
groupinary/graph/generated.go:2459.2,2460.15 2 0
groupinary/graph/generated.go:2460.15,2461.31 1 0
groupinary/graph/generated.go:2461.31,2464.4 2 0
groupinary/graph/generated.go:2466.2,2466.92 1 0
groupinary/graph/generated.go:2466.92,2469.3 2 0
groupinary/graph/generated.go:2470.2,2470.16 1 0
groupinary/graph/generated.go:2470.16,2473.3 2 0
groupinary/graph/generated.go:2474.2,2474.19 1 0
groupinary/graph/generated.go:2474.19,2475.38 1 0
groupinary/graph/generated.go:2475.38,2477.4 1 0
groupinary/graph/generated.go:2478.3,2478.22 1 0
groupinary/graph/generated.go:2480.2,2482.61 3 0
groupinary/graph/generated.go:2485.142,2491.97 1 0
groupinary/graph/generated.go:2491.97,2493.4 1 0
groupinary/graph/generated.go:2495.2,2495.16 1 0
groupinary/graph/generated.go:2498.139,2500.16 2 0
groupinary/graph/generated.go:2500.16,2502.3 1 0
groupinary/graph/generated.go:2503.2,2504.15 2 0
groupinary/graph/generated.go:2504.15,2505.31 1 0
groupinary/graph/generated.go:2505.31,2508.4 2 0
groupinary/graph/generated.go:2510.2,2510.92 1 0
groupinary/graph/generated.go:2510.92,2513.3 2 0
groupinary/graph/generated.go:2514.2,2514.16 1 0
groupinary/graph/generated.go:2514.16,2517.3 2 0
groupinary/graph/generated.go:2518.2,2518.19 1 0
groupinary/graph/generated.go:2518.19,2520.3 1 0
groupinary/graph/generated.go:2521.2,2523.61 3 0
groupinary/graph/generated.go:2526.149,2532.97 1 0
groupinary/graph/generated.go:2532.97,2534.4 1 0
groupinary/graph/generated.go:2536.2,2536.16 1 0
groupinary/graph/generated.go:2539.133,2541.16 2 0
groupinary/graph/generated.go:2541.16,2543.3 1 0
groupinary/graph/generated.go:2544.2,2545.15 2 0
groupinary/graph/generated.go:2545.15,2546.31 1 0
groupinary/graph/generated.go:2546.31,2549.4 2 0
groupinary/graph/generated.go:2551.2,2551.92 1 0
groupinary/graph/generated.go:2551.92,2554.3 2 0
groupinary/graph/generated.go:2555.2,2555.16 1 0
groupinary/graph/generated.go:2555.16,2558.3 2 0
groupinary/graph/generated.go:2559.2,2559.19 1 0
groupinary/graph/generated.go:2559.19,2560.38 1 0
groupinary/graph/generated.go:2560.38,2562.4 1 0
groupinary/graph/generated.go:2563.3,2563.22 1 0
groupinary/graph/generated.go:2565.2,2567.99 3 0
groupinary/graph/generated.go:2570.143,2576.97 1 0
groupinary/graph/generated.go:2576.97,2577.22 1 0
groupinary/graph/generated.go:2578.17,2579.60 1 0
groupinary/graph/generated.go:2580.20,2581.63 1 0
groupinary/graph/generated.go:2582.22,2583.65 1 0
groupinary/graph/generated.go:2585.4,2585.95 1 0
groupinary/graph/generated.go:2588.2,2588.15 1 0
groupinary/graph/generated.go:2588.15,2589.31 1 0
groupinary/graph/generated.go:2589.31,2592.4 2 0
groupinary/graph/generated.go:2594.2,2595.96 2 0
groupinary/graph/generated.go:2595.96,2598.3 2 0
groupinary/graph/generated.go:2599.2,2599.16 1 0
groupinary/graph/generated.go:2602.133,2604.16 2 0
groupinary/graph/generated.go:2604.16,2606.3 1 0
groupinary/graph/generated.go:2607.2,2608.15 2 0
groupinary/graph/generated.go:2608.15,2609.31 1 0
groupinary/graph/generated.go:2609.31,2612.4 2 0
groupinary/graph/generated.go:2614.2,2614.92 1 0
groupinary/graph/generated.go:2614.92,2617.3 2 0
groupinary/graph/generated.go:2618.2,2618.16 1 0
groupinary/graph/generated.go:2618.16,2621.3 2 0
groupinary/graph/generated.go:2622.2,2622.19 1 0
groupinary/graph/generated.go:2622.19,2624.3 1 0
groupinary/graph/generated.go:2625.2,2627.85 3 0
groupinary/graph/generated.go:2630.143,2636.97 1 0
groupinary/graph/generated.go:2636.97,2637.22 1 0
groupinary/graph/generated.go:2638.14,2639.47 1 0
groupinary/graph/generated.go:2640.22,2641.55 1 0
groupinary/graph/generated.go:2642.22,2643.55 1 0
groupinary/graph/generated.go:2644.18,2645.51 1 0
groupinary/graph/generated.go:2646.21,2647.54 1 0
groupinary/graph/generated.go:2648.20,2649.53 1 0
groupinary/graph/generated.go:2650.20,2651.53 1 0
groupinary/graph/generated.go:2652.18,2653.51 1 0
groupinary/graph/generated.go:2654.23,2655.56 1 0
groupinary/graph/generated.go:2656.17,2657.50 1 0
groupinary/graph/generated.go:2659.4,2659.85 1 0
groupinary/graph/generated.go:2662.2,2662.16 1 0
groupinary/graph/generated.go:2665.126,2667.16 2 0
groupinary/graph/generated.go:2667.16,2669.3 1 0
groupinary/graph/generated.go:2670.2,2671.15 2 0
groupinary/graph/generated.go:2671.15,2672.31 1 0
groupinary/graph/generated.go:2672.31,2675.4 2 0
groupinary/graph/generated.go:2677.2,2677.92 1 0
groupinary/graph/generated.go:2677.92,2680.3 2 0
groupinary/graph/generated.go:2681.2,2681.16 1 0
groupinary/graph/generated.go:2681.16,2684.3 2 0
groupinary/graph/generated.go:2685.2,2685.19 1 0
groupinary/graph/generated.go:2685.19,2686.38 1 0
groupinary/graph/generated.go:2686.38,2688.4 1 0
groupinary/graph/generated.go:2689.3,2689.22 1 0
groupinary/graph/generated.go:2691.2,2693.81 3 0
groupinary/graph/generated.go:2696.152,2702.97 1 0
groupinary/graph/generated.go:2702.97,2703.22 1 0
groupinary/graph/generated.go:2704.14,2705.48 1 0
groupinary/graph/generated.go:2706.22,2707.56 1 0
groupinary/graph/generated.go:2708.22,2709.56 1 0
groupinary/graph/generated.go:2710.16,2711.50 1 0
groupinary/graph/generated.go:2712.23,2713.57 1 0
groupinary/graph/generated.go:2714.17,2715.51 1 0
groupinary/graph/generated.go:2716.17,2717.51 1 0
groupinary/graph/generated.go:2719.4,2719.86 1 0
groupinary/graph/generated.go:2722.2,2722.15 1 0
groupinary/graph/generated.go:2722.15,2723.31 1 0
groupinary/graph/generated.go:2723.31,2726.4 2 0
groupinary/graph/generated.go:2728.2,2729.105 2 0
groupinary/graph/generated.go:2729.105,2732.3 2 0
groupinary/graph/generated.go:2733.2,2733.16 1 0
groupinary/graph/generated.go:2736.130,2738.16 2 0
groupinary/graph/generated.go:2738.16,2740.3 1 0
groupinary/graph/generated.go:2741.2,2742.15 2 0
groupinary/graph/generated.go:2742.15,2743.31 1 0
groupinary/graph/generated.go:2743.31,2746.4 2 0
groupinary/graph/generated.go:2748.2,2748.92 1 0
groupinary/graph/generated.go:2748.92,2751.3 2 0
groupinary/graph/generated.go:2752.2,2752.16 1 0
groupinary/graph/generated.go:2752.16,2755.3 2 0
groupinary/graph/generated.go:2756.2,2756.19 1 0
groupinary/graph/generated.go:2756.19,2757.38 1 0
groupinary/graph/generated.go:2757.38,2759.4 1 0
groupinary/graph/generated.go:2760.3,2760.22 1 0
groupinary/graph/generated.go:2762.2,2764.81 3 0
groupinary/graph/generated.go:2767.156,2773.97 1 0
groupinary/graph/generated.go:2773.97,2774.22 1 0
groupinary/graph/generated.go:2775.14,2776.48 1 0
groupinary/graph/generated.go:2777.22,2778.56 1 0
groupinary/graph/generated.go:2779.22,2780.56 1 0
groupinary/graph/generated.go:2781.16,2782.50 1 0
groupinary/graph/generated.go:2783.23,2784.57 1 0
groupinary/graph/generated.go:2785.17,2786.51 1 0
groupinary/graph/generated.go:2787.17,2788.51 1 0
groupinary/graph/generated.go:2790.4,2790.86 1 0
groupinary/graph/generated.go:2793.2,2793.15 1 0
groupinary/graph/generated.go:2793.15,2794.31 1 0
groupinary/graph/generated.go:2794.31,2797.4 2 0
groupinary/graph/generated.go:2799.2,2800.109 2 0
groupinary/graph/generated.go:2800.109,2803.3 2 0
groupinary/graph/generated.go:2804.2,2804.16 1 0
groupinary/graph/generated.go:2807.126,2809.16 2 0
groupinary/graph/generated.go:2809.16,2811.3 1 0
groupinary/graph/generated.go:2812.2,2813.15 2 0
groupinary/graph/generated.go:2813.15,2814.31 1 0
groupinary/graph/generated.go:2814.31,2817.4 2 0
groupinary/graph/generated.go:2819.2,2819.92 1 0
groupinary/graph/generated.go:2819.92,2822.3 2 0
groupinary/graph/generated.go:2823.2,2823.16 1 0
groupinary/graph/generated.go:2823.16,2826.3 2 0
groupinary/graph/generated.go:2827.2,2827.19 1 0
groupinary/graph/generated.go:2827.19,2828.38 1 0
groupinary/graph/generated.go:2828.38,2830.4 1 0
groupinary/graph/generated.go:2831.3,2831.22 1 0
groupinary/graph/generated.go:2833.2,2835.60 3 0
groupinary/graph/generated.go:2838.152,2844.97 1 0
groupinary/graph/generated.go:2844.97,2846.4 1 0
groupinary/graph/generated.go:2848.2,2848.15 1 0
groupinary/graph/generated.go:2848.15,2849.31 1 0
groupinary/graph/generated.go:2849.31,2852.4 2 0
groupinary/graph/generated.go:2854.2,2855.105 2 0
groupinary/graph/generated.go:2855.105,2858.3 2 0
groupinary/graph/generated.go:2859.2,2859.16 1 0
groupinary/graph/generated.go:2862.125,2864.16 2 0
groupinary/graph/generated.go:2864.16,2866.3 1 0
groupinary/graph/generated.go:2867.2,2868.15 2 0
groupinary/graph/generated.go:2868.15,2869.31 1 0
groupinary/graph/generated.go:2869.31,2872.4 2 0
groupinary/graph/generated.go:2874.2,2874.92 1 0
groupinary/graph/generated.go:2874.92,2877.3 2 0
groupinary/graph/generated.go:2878.2,2878.16 1 0
groupinary/graph/generated.go:2878.16,2881.3 2 0
groupinary/graph/generated.go:2882.2,2882.19 1 0
groupinary/graph/generated.go:2882.19,2883.38 1 0
groupinary/graph/generated.go:2883.38,2885.4 1 0
groupinary/graph/generated.go:2886.3,2886.22 1 0
groupinary/graph/generated.go:2888.2,2890.60 3 0
groupinary/graph/generated.go:2893.151,2899.97 1 0
groupinary/graph/generated.go:2899.97,2901.4 1 0
groupinary/graph/generated.go:2903.2,2903.15 1 0
groupinary/graph/generated.go:2903.15,2904.31 1 0
groupinary/graph/generated.go:2904.31,2907.4 2 0
groupinary/graph/generated.go:2909.2,2910.104 2 0
groupinary/graph/generated.go:2910.104,2913.3 2 0
groupinary/graph/generated.go:2914.2,2914.16 1 0
groupinary/graph/generated.go:2917.131,2919.16 2 0
groupinary/graph/generated.go:2919.16,2921.3 1 0
groupinary/graph/generated.go:2922.2,2923.15 2 0
groupinary/graph/generated.go:2923.15,2924.31 1 0
groupinary/graph/generated.go:2924.31,2927.4 2 0
groupinary/graph/generated.go:2929.2,2929.92 1 0
groupinary/graph/generated.go:2929.92,2932.3 2 0
groupinary/graph/generated.go:2933.2,2933.16 1 0
groupinary/graph/generated.go:2933.16,2936.3 2 0
groupinary/graph/generated.go:2937.2,2937.19 1 0
groupinary/graph/generated.go:2937.19,2938.38 1 0
groupinary/graph/generated.go:2938.38,2940.4 1 0
groupinary/graph/generated.go:2941.3,2941.22 1 0
groupinary/graph/generated.go:2943.2,2945.60 3 0
groupinary/graph/generated.go:2948.157,2954.97 1 0
groupinary/graph/generated.go:2954.97,2956.4 1 0
groupinary/graph/generated.go:2958.2,2958.15 1 0
groupinary/graph/generated.go:2958.15,2959.31 1 0
groupinary/graph/generated.go:2959.31,2962.4 2 0
groupinary/graph/generated.go:2964.2,2965.110 2 0
groupinary/graph/generated.go:2965.110,2968.3 2 0
groupinary/graph/generated.go:2969.2,2969.16 1 0
groupinary/graph/generated.go:2972.129,2974.16 2 0
groupinary/graph/generated.go:2974.16,2976.3 1 0
groupinary/graph/generated.go:2977.2,2978.15 2 0
groupinary/graph/generated.go:2978.15,2979.31 1 0
groupinary/graph/generated.go:2979.31,2982.4 2 0
groupinary/graph/generated.go:2984.2,2984.92 1 0
groupinary/graph/generated.go:2984.92,2987.3 2 0
groupinary/graph/generated.go:2988.2,2988.16 1 0
groupinary/graph/generated.go:2988.16,2991.3 2 0
groupinary/graph/generated.go:2992.2,2992.19 1 0
groupinary/graph/generated.go:2992.19,2993.38 1 0
groupinary/graph/generated.go:2993.38,2995.4 1 0
groupinary/graph/generated.go:2996.3,2996.22 1 0
groupinary/graph/generated.go:2998.2,3000.79 3 0
groupinary/graph/generated.go:3003.155,3009.97 1 0
groupinary/graph/generated.go:3009.97,3010.22 1 0
groupinary/graph/generated.go:3011.14,3012.47 1 0
groupinary/graph/generated.go:3013.22,3014.55 1 0
groupinary/graph/generated.go:3015.22,3016.55 1 0
groupinary/graph/generated.go:3017.18,3018.51 1 0
groupinary/graph/generated.go:3019.21,3020.54 1 0
groupinary/graph/generated.go:3021.20,3022.53 1 0
groupinary/graph/generated.go:3023.20,3024.53 1 0
groupinary/graph/generated.go:3025.18,3026.51 1 0
groupinary/graph/generated.go:3027.23,3028.56 1 0
groupinary/graph/generated.go:3029.17,3030.50 1 0
groupinary/graph/generated.go:3032.4,3032.85 1 0
groupinary/graph/generated.go:3035.2,3035.15 1 0
groupinary/graph/generated.go:3035.15,3036.31 1 0
groupinary/graph/generated.go:3036.31,3039.4 2 0
groupinary/graph/generated.go:3041.2,3042.108 2 0
groupinary/graph/generated.go:3042.108,3045.3 2 0
groupinary/graph/generated.go:3046.2,3046.16 1 0
groupinary/graph/generated.go:3049.126,3051.16 2 0
groupinary/graph/generated.go:3051.16,3053.3 1 0
groupinary/graph/generated.go:3054.2,3055.15 2 0
groupinary/graph/generated.go:3055.15,3056.31 1 0
groupinary/graph/generated.go:3056.31,3059.4 2 0
groupinary/graph/generated.go:3061.2,3061.92 1 0
groupinary/graph/generated.go:3061.92,3064.3 2 0
groupinary/graph/generated.go:3065.2,3065.16 1 0
groupinary/graph/generated.go:3065.16,3068.3 2 0
groupinary/graph/generated.go:3069.2,3069.19 1 0
groupinary/graph/generated.go:3069.19,3070.38 1 0
groupinary/graph/generated.go:3070.38,3072.4 1 0
groupinary/graph/generated.go:3073.3,3073.22 1 0
groupinary/graph/generated.go:3075.2,3077.79 3 0
groupinary/graph/generated.go:3080.152,3086.97 1 0
groupinary/graph/generated.go:3086.97,3087.22 1 0
groupinary/graph/generated.go:3088.14,3089.47 1 0
groupinary/graph/generated.go:3090.22,3091.55 1 0
groupinary/graph/generated.go:3092.22,3093.55 1 0
groupinary/graph/generated.go:3094.23,3095.56 1 0
groupinary/graph/generated.go:3096.19,3097.52 1 0
groupinary/graph/generated.go:3098.17,3099.50 1 0
groupinary/graph/generated.go:3100.23,3101.56 1 0
groupinary/graph/generated.go:3102.19,3103.52 1 0
groupinary/graph/generated.go:3104.23,3105.56 1 0
groupinary/graph/generated.go:3107.4,3107.85 1 0
groupinary/graph/generated.go:3110.2,3110.15 1 0
groupinary/graph/generated.go:3110.15,3111.31 1 0
groupinary/graph/generated.go:3111.31,3114.4 2 0
groupinary/graph/generated.go:3116.2,3117.105 2 0
groupinary/graph/generated.go:3117.105,3120.3 2 0
groupinary/graph/generated.go:3121.2,3121.16 1 0
groupinary/graph/generated.go:3124.127,3126.16 2 0
groupinary/graph/generated.go:3126.16,3128.3 1 0
groupinary/graph/generated.go:3129.2,3130.15 2 0
groupinary/graph/generated.go:3130.15,3131.31 1 0
groupinary/graph/generated.go:3131.31,3134.4 2 0
groupinary/graph/generated.go:3136.2,3136.92 1 0
groupinary/graph/generated.go:3136.92,3139.3 2 0
groupinary/graph/generated.go:3140.2,3140.16 1 0
groupinary/graph/generated.go:3140.16,3143.3 2 0
groupinary/graph/generated.go:3144.2,3144.19 1 0
groupinary/graph/generated.go:3144.19,3145.38 1 0
groupinary/graph/generated.go:3145.38,3147.4 1 0
groupinary/graph/generated.go:3148.3,3148.22 1 0
groupinary/graph/generated.go:3150.2,3152.79 3 0
groupinary/graph/generated.go:3155.153,3161.97 1 0
groupinary/graph/generated.go:3161.97,3162.22 1 0
groupinary/graph/generated.go:3163.14,3164.47 1 0
groupinary/graph/generated.go:3165.22,3166.55 1 0
groupinary/graph/generated.go:3167.22,3168.55 1 0
groupinary/graph/generated.go:3169.23,3170.56 1 0
groupinary/graph/generated.go:3171.19,3172.52 1 0
groupinary/graph/generated.go:3173.17,3174.50 1 0
groupinary/graph/generated.go:3175.23,3176.56 1 0
groupinary/graph/generated.go:3177.19,3178.52 1 0
groupinary/graph/generated.go:3179.23,3180.56 1 0
groupinary/graph/generated.go:3182.4,3182.85 1 0
groupinary/graph/generated.go:3185.2,3185.15 1 0
groupinary/graph/generated.go:3185.15,3186.31 1 0
groupinary/graph/generated.go:3186.31,3189.4 2 0
groupinary/graph/generated.go:3191.2,3192.106 2 0
groupinary/graph/generated.go:3192.106,3195.3 2 0
groupinary/graph/generated.go:3196.2,3196.16 1 0
groupinary/graph/generated.go:3199.128,3201.16 2 0
groupinary/graph/generated.go:3201.16,3203.3 1 0
groupinary/graph/generated.go:3204.2,3205.15 2 0
groupinary/graph/generated.go:3205.15,3206.31 1 0
groupinary/graph/generated.go:3206.31,3209.4 2 0
groupinary/graph/generated.go:3211.2,3211.92 1 0
groupinary/graph/generated.go:3211.92,3214.3 2 0
groupinary/graph/generated.go:3215.2,3215.16 1 0
groupinary/graph/generated.go:3215.16,3218.3 2 0
groupinary/graph/generated.go:3219.2,3219.19 1 0
groupinary/graph/generated.go:3219.19,3220.38 1 0
groupinary/graph/generated.go:3220.38,3222.4 1 0
groupinary/graph/generated.go:3223.3,3223.22 1 0
groupinary/graph/generated.go:3225.2,3227.91 3 0
groupinary/graph/generated.go:3230.154,3236.97 1 0
groupinary/graph/generated.go:3236.97,3237.22 1 0
groupinary/graph/generated.go:3238.14,3239.53 1 0
groupinary/graph/generated.go:3240.22,3241.61 1 0
groupinary/graph/generated.go:3242.22,3243.61 1 0
groupinary/graph/generated.go:3244.23,3245.62 1 0
groupinary/graph/generated.go:3246.19,3247.58 1 0
groupinary/graph/generated.go:3248.16,3249.55 1 0
groupinary/graph/generated.go:3251.4,3251.91 1 0
groupinary/graph/generated.go:3254.2,3254.15 1 0
groupinary/graph/generated.go:3254.15,3255.31 1 0
groupinary/graph/generated.go:3255.31,3258.4 2 0
groupinary/graph/generated.go:3260.2,3261.107 2 0
groupinary/graph/generated.go:3261.107,3264.3 2 0
groupinary/graph/generated.go:3265.2,3265.16 1 0
groupinary/graph/generated.go:3268.127,3270.16 2 0
groupinary/graph/generated.go:3270.16,3272.3 1 0
groupinary/graph/generated.go:3273.2,3274.15 2 0
groupinary/graph/generated.go:3274.15,3275.31 1 0
groupinary/graph/generated.go:3275.31,3278.4 2 0
groupinary/graph/generated.go:3280.2,3280.92 1 0
groupinary/graph/generated.go:3280.92,3283.3 2 0
groupinary/graph/generated.go:3284.2,3284.16 1 0
groupinary/graph/generated.go:3284.16,3287.3 2 0
groupinary/graph/generated.go:3288.2,3288.19 1 0
groupinary/graph/generated.go:3288.19,3289.38 1 0
groupinary/graph/generated.go:3289.38,3291.4 1 0
groupinary/graph/generated.go:3292.3,3292.22 1 0
groupinary/graph/generated.go:3294.2,3296.79 3 0
groupinary/graph/generated.go:3299.153,3305.97 1 0
groupinary/graph/generated.go:3305.97,3306.22 1 0
groupinary/graph/generated.go:3307.14,3308.47 1 0
groupinary/graph/generated.go:3309.22,3310.55 1 0
groupinary/graph/generated.go:3311.22,3312.55 1 0
groupinary/graph/generated.go:3313.23,3314.56 1 0
groupinary/graph/generated.go:3315.19,3316.52 1 0
groupinary/graph/generated.go:3317.17,3318.50 1 0
groupinary/graph/generated.go:3319.23,3320.56 1 0
groupinary/graph/generated.go:3321.19,3322.52 1 0
groupinary/graph/generated.go:3323.23,3324.56 1 0
groupinary/graph/generated.go:3326.4,3326.85 1 0
groupinary/graph/generated.go:3329.2,3329.15 1 0
groupinary/graph/generated.go:3329.15,3330.31 1 0
groupinary/graph/generated.go:3330.31,3333.4 2 0
groupinary/graph/generated.go:3335.2,3336.106 2 0
groupinary/graph/generated.go:3336.106,3339.3 2 0
groupinary/graph/generated.go:3340.2,3340.16 1 0
groupinary/graph/generated.go:3343.125,3345.16 2 0
groupinary/graph/generated.go:3345.16,3347.3 1 0
groupinary/graph/generated.go:3348.2,3349.15 2 0
groupinary/graph/generated.go:3349.15,3350.31 1 0
groupinary/graph/generated.go:3350.31,3353.4 2 0
groupinary/graph/generated.go:3355.2,3355.92 1 0
groupinary/graph/generated.go:3355.92,3358.3 2 0
groupinary/graph/generated.go:3359.2,3359.16 1 0
groupinary/graph/generated.go:3359.16,3362.3 2 0
groupinary/graph/generated.go:3363.2,3363.19 1 0
groupinary/graph/generated.go:3363.19,3364.38 1 0
groupinary/graph/generated.go:3364.38,3366.4 1 0
groupinary/graph/generated.go:3367.3,3367.22 1 0
groupinary/graph/generated.go:3369.2,3371.79 3 0
groupinary/graph/generated.go:3374.151,3380.97 1 0
groupinary/graph/generated.go:3380.97,3381.22 1 0
groupinary/graph/generated.go:3382.14,3383.47 1 0
groupinary/graph/generated.go:3384.22,3385.55 1 0
groupinary/graph/generated.go:3386.22,3387.55 1 0
groupinary/graph/generated.go:3388.23,3389.56 1 0
groupinary/graph/generated.go:3390.19,3391.52 1 0
groupinary/graph/generated.go:3392.17,3393.50 1 0
groupinary/graph/generated.go:3394.23,3395.56 1 0
groupinary/graph/generated.go:3396.19,3397.52 1 0
groupinary/graph/generated.go:3398.23,3399.56 1 0
groupinary/graph/generated.go:3401.4,3401.85 1 0
groupinary/graph/generated.go:3404.2,3404.15 1 0
groupinary/graph/generated.go:3404.15,3405.31 1 0
groupinary/graph/generated.go:3405.31,3408.4 2 0
groupinary/graph/generated.go:3410.2,3411.104 2 0
groupinary/graph/generated.go:3411.104,3414.3 2 0
groupinary/graph/generated.go:3415.2,3415.16 1 0
groupinary/graph/generated.go:3418.131,3420.16 2 0
groupinary/graph/generated.go:3420.16,3422.3 1 0
groupinary/graph/generated.go:3423.2,3424.15 2 0
groupinary/graph/generated.go:3424.15,3425.31 1 0
groupinary/graph/generated.go:3425.31,3428.4 2 0
groupinary/graph/generated.go:3430.2,3430.92 1 0
groupinary/graph/generated.go:3430.92,3433.3 2 0
groupinary/graph/generated.go:3434.2,3434.16 1 0
groupinary/graph/generated.go:3434.16,3437.3 2 0
groupinary/graph/generated.go:3438.2,3438.19 1 0
groupinary/graph/generated.go:3438.19,3439.38 1 0
groupinary/graph/generated.go:3439.38,3441.4 1 0
groupinary/graph/generated.go:3442.3,3442.22 1 0
groupinary/graph/generated.go:3444.2,3446.91 3 0
groupinary/graph/generated.go:3449.157,3455.97 1 0
groupinary/graph/generated.go:3455.97,3456.22 1 0
groupinary/graph/generated.go:3457.14,3458.53 1 0
groupinary/graph/generated.go:3459.22,3460.61 1 0
groupinary/graph/generated.go:3461.22,3462.61 1 0
groupinary/graph/generated.go:3463.23,3464.62 1 0
groupinary/graph/generated.go:3465.19,3466.58 1 0
groupinary/graph/generated.go:3467.16,3468.55 1 0
groupinary/graph/generated.go:3470.4,3470.91 1 0
groupinary/graph/generated.go:3473.2,3473.15 1 0
groupinary/graph/generated.go:3473.15,3474.31 1 0
groupinary/graph/generated.go:3474.31,3477.4 2 0
groupinary/graph/generated.go:3479.2,3480.110 2 0
groupinary/graph/generated.go:3480.110,3483.3 2 0
groupinary/graph/generated.go:3484.2,3484.16 1 0
groupinary/graph/generated.go:3487.153,3489.16 2 0
groupinary/graph/generated.go:3489.16,3491.3 1 0
groupinary/graph/generated.go:3492.2,3493.15 2 0
groupinary/graph/generated.go:3493.15,3494.31 1 0
groupinary/graph/generated.go:3494.31,3497.4 2 0
groupinary/graph/generated.go:3499.2,3499.92 1 0
groupinary/graph/generated.go:3499.92,3502.3 2 0
groupinary/graph/generated.go:3503.2,3503.16 1 0
groupinary/graph/generated.go:3503.16,3506.3 2 0
groupinary/graph/generated.go:3507.2,3507.19 1 0
groupinary/graph/generated.go:3507.19,3508.38 1 0
groupinary/graph/generated.go:3508.38,3510.4 1 0
groupinary/graph/generated.go:3511.3,3511.22 1 0
groupinary/graph/generated.go:3513.2,3515.60 3 0
groupinary/graph/generated.go:3518.152,3524.97 1 0
groupinary/graph/generated.go:3524.97,3526.4 1 0
groupinary/graph/generated.go:3528.2,3528.16 1 0
groupinary/graph/generated.go:3531.157,3533.16 2 0
groupinary/graph/generated.go:3533.16,3535.3 1 0
groupinary/graph/generated.go:3536.2,3537.15 2 0
groupinary/graph/generated.go:3537.15,3538.31 1 0
groupinary/graph/generated.go:3538.31,3541.4 2 0
groupinary/graph/generated.go:3543.2,3543.92 1 0
groupinary/graph/generated.go:3543.92,3546.3 2 0
groupinary/graph/generated.go:3547.2,3547.16 1 0
groupinary/graph/generated.go:3547.16,3550.3 2 0
groupinary/graph/generated.go:3551.2,3551.19 1 0
groupinary/graph/generated.go:3551.19,3552.38 1 0
groupinary/graph/generated.go:3552.38,3554.4 1 0
groupinary/graph/generated.go:3555.3,3555.22 1 0
groupinary/graph/generated.go:3557.2,3559.60 3 0
groupinary/graph/generated.go:3562.156,3568.97 1 0
groupinary/graph/generated.go:3568.97,3570.4 1 0
groupinary/graph/generated.go:3572.2,3572.16 1 0
groupinary/graph/generated.go:3575.153,3577.16 2 0
groupinary/graph/generated.go:3577.16,3579.3 1 0
groupinary/graph/generated.go:3580.2,3581.15 2 0
groupinary/graph/generated.go:3581.15,3582.31 1 0
groupinary/graph/generated.go:3582.31,3585.4 2 0
groupinary/graph/generated.go:3587.2,3587.92 1 0
groupinary/graph/generated.go:3587.92,3590.3 2 0
groupinary/graph/generated.go:3591.2,3591.16 1 0
groupinary/graph/generated.go:3591.16,3594.3 2 0
groupinary/graph/generated.go:3595.2,3595.19 1 0
groupinary/graph/generated.go:3595.19,3597.3 1 0
groupinary/graph/generated.go:3598.2,3600.96 3 0
groupinary/graph/generated.go:3603.152,3609.97 1 0
groupinary/graph/generated.go:3609.97,3611.4 1 0
groupinary/graph/generated.go:3613.2,3613.16 1 0
groupinary/graph/generated.go:3616.151,3618.16 2 0
groupinary/graph/generated.go:3618.16,3620.3 1 0
groupinary/graph/generated.go:3621.2,3622.15 2 0
groupinary/graph/generated.go:3622.15,3623.31 1 0
groupinary/graph/generated.go:3623.31,3626.4 2 0
groupinary/graph/generated.go:3628.2,3628.92 1 0
groupinary/graph/generated.go:3628.92,3631.3 2 0
groupinary/graph/generated.go:3632.2,3632.16 1 0
groupinary/graph/generated.go:3632.16,3635.3 2 0
groupinary/graph/generated.go:3636.2,3636.19 1 0
groupinary/graph/generated.go:3636.19,3638.3 1 0
groupinary/graph/generated.go:3639.2,3641.96 3 0
groupinary/graph/generated.go:3644.150,3650.97 1 0
groupinary/graph/generated.go:3650.97,3652.4 1 0
groupinary/graph/generated.go:3654.2,3654.16 1 0
groupinary/graph/generated.go:3657.116,3659.16 2 0
groupinary/graph/generated.go:3659.16,3661.3 1 0
groupinary/graph/generated.go:3662.2,3663.15 2 0
groupinary/graph/generated.go:3663.15,3664.31 1 0
groupinary/graph/generated.go:3664.31,3667.4 2 0
groupinary/graph/generated.go:3669.2,3669.92 1 0
groupinary/graph/generated.go:3669.92,3672.3 2 0
groupinary/graph/generated.go:3673.2,3673.16 1 0
groupinary/graph/generated.go:3673.16,3676.3 2 0
groupinary/graph/generated.go:3677.2,3677.19 1 0
groupinary/graph/generated.go:3677.19,3679.3 1 0
groupinary/graph/generated.go:3680.2,3682.77 3 0
groupinary/graph/generated.go:3685.142,3691.97 1 0
groupinary/graph/generated.go:3691.97,3693.4 1 0
groupinary/graph/generated.go:3695.2,3695.15 1 0
groupinary/graph/generated.go:3695.15,3696.31 1 0
groupinary/graph/generated.go:3696.31,3699.4 2 0
groupinary/graph/generated.go:3701.2,3702.95 2 0
groupinary/graph/generated.go:3702.95,3705.3 2 0
groupinary/graph/generated.go:3706.2,3706.16 1 0
groupinary/graph/generated.go:3709.117,3711.16 2 0
groupinary/graph/generated.go:3711.16,3713.3 1 0
groupinary/graph/generated.go:3714.2,3715.15 2 0
groupinary/graph/generated.go:3715.15,3716.31 1 0
groupinary/graph/generated.go:3716.31,3719.4 2 0
groupinary/graph/generated.go:3721.2,3721.92 1 0
groupinary/graph/generated.go:3721.92,3724.3 2 0
groupinary/graph/generated.go:3725.2,3725.16 1 0
groupinary/graph/generated.go:3725.16,3728.3 2 0
groupinary/graph/generated.go:3729.2,3729.19 1 0
groupinary/graph/generated.go:3729.19,3730.38 1 0
groupinary/graph/generated.go:3730.38,3732.4 1 0
groupinary/graph/generated.go:3733.3,3733.22 1 0
groupinary/graph/generated.go:3735.2,3737.80 3 0
groupinary/graph/generated.go:3740.143,3746.97 1 0
groupinary/graph/generated.go:3746.97,3748.4 1 0
groupinary/graph/generated.go:3750.2,3750.15 1 0
groupinary/graph/generated.go:3750.15,3751.31 1 0
groupinary/graph/generated.go:3751.31,3754.4 2 0
groupinary/graph/generated.go:3756.2,3757.96 2 0
groupinary/graph/generated.go:3757.96,3760.3 2 0
groupinary/graph/generated.go:3761.2,3761.16 1 0
groupinary/graph/generated.go:3764.123,3766.16 2 0
groupinary/graph/generated.go:3766.16,3768.3 1 0
groupinary/graph/generated.go:3769.2,3770.15 2 0
groupinary/graph/generated.go:3770.15,3771.31 1 0
groupinary/graph/generated.go:3771.31,3774.4 2 0
groupinary/graph/generated.go:3776.2,3776.92 1 0
groupinary/graph/generated.go:3776.92,3779.3 2 0
groupinary/graph/generated.go:3780.2,3780.16 1 0
groupinary/graph/generated.go:3780.16,3783.3 2 0
groupinary/graph/generated.go:3784.2,3784.19 1 0
groupinary/graph/generated.go:3784.19,3785.38 1 0
groupinary/graph/generated.go:3785.38,3787.4 1 0
groupinary/graph/generated.go:3788.3,3788.22 1 0
groupinary/graph/generated.go:3790.2,3792.111 3 0
groupinary/graph/generated.go:3795.149,3801.97 1 0
groupinary/graph/generated.go:3801.97,3802.22 1 0
groupinary/graph/generated.go:3803.17,3804.66 1 0
groupinary/graph/generated.go:3805.20,3806.69 1 0
groupinary/graph/generated.go:3807.22,3808.71 1 0
groupinary/graph/generated.go:3810.4,3810.101 1 0
groupinary/graph/generated.go:3813.2,3813.15 1 0
groupinary/graph/generated.go:3813.15,3814.31 1 0
groupinary/graph/generated.go:3814.31,3817.4 2 0
groupinary/graph/generated.go:3819.2,3820.102 2 0
groupinary/graph/generated.go:3820.102,3823.3 2 0
groupinary/graph/generated.go:3824.2,3824.16 1 0
groupinary/graph/generated.go:3827.118,3829.16 2 0
groupinary/graph/generated.go:3829.16,3831.3 1 0
groupinary/graph/generated.go:3832.2,3833.15 2 0
groupinary/graph/generated.go:3833.15,3834.31 1 0
groupinary/graph/generated.go:3834.31,3837.4 2 0
groupinary/graph/generated.go:3839.2,3839.92 1 0
groupinary/graph/generated.go:3839.92,3842.3 2 0
groupinary/graph/generated.go:3843.2,3843.16 1 0
groupinary/graph/generated.go:3843.16,3846.3 2 0
groupinary/graph/generated.go:3847.2,3847.19 1 0
groupinary/graph/generated.go:3847.19,3848.38 1 0
groupinary/graph/generated.go:3848.38,3850.4 1 0
groupinary/graph/generated.go:3851.3,3851.22 1 0
groupinary/graph/generated.go:3853.2,3855.87 3 0
groupinary/graph/generated.go:3858.144,3864.97 1 0
groupinary/graph/generated.go:3864.97,3865.22 1 0
groupinary/graph/generated.go:3866.14,3867.48 1 0
groupinary/graph/generated.go:3868.22,3869.56 1 0
groupinary/graph/generated.go:3870.22,3871.56 1 0
groupinary/graph/generated.go:3872.16,3873.50 1 0
groupinary/graph/generated.go:3874.23,3875.57 1 0
groupinary/graph/generated.go:3876.17,3877.51 1 0
groupinary/graph/generated.go:3878.17,3879.51 1 0
groupinary/graph/generated.go:3881.4,3881.86 1 0
groupinary/graph/generated.go:3884.2,3884.16 1 0
groupinary/graph/generated.go:3887.117,3889.16 2 0
groupinary/graph/generated.go:3889.16,3891.3 1 0
groupinary/graph/generated.go:3892.2,3893.15 2 0
groupinary/graph/generated.go:3893.15,3894.31 1 0
groupinary/graph/generated.go:3894.31,3897.4 2 0
groupinary/graph/generated.go:3899.2,3899.92 1 0
groupinary/graph/generated.go:3899.92,3902.3 2 0
groupinary/graph/generated.go:3903.2,3903.16 1 0
groupinary/graph/generated.go:3903.16,3906.3 2 0
groupinary/graph/generated.go:3907.2,3907.19 1 0
groupinary/graph/generated.go:3907.19,3908.38 1 0
groupinary/graph/generated.go:3908.38,3910.4 1 0
groupinary/graph/generated.go:3911.3,3911.22 1 0
groupinary/graph/generated.go:3913.2,3915.85 3 0
groupinary/graph/generated.go:3918.143,3924.97 1 0
groupinary/graph/generated.go:3924.97,3925.22 1 0
groupinary/graph/generated.go:3926.14,3927.47 1 0
groupinary/graph/generated.go:3928.22,3929.55 1 0
groupinary/graph/generated.go:3930.22,3931.55 1 0
groupinary/graph/generated.go:3932.18,3933.51 1 0
groupinary/graph/generated.go:3934.21,3935.54 1 0
groupinary/graph/generated.go:3936.20,3937.53 1 0
groupinary/graph/generated.go:3938.20,3939.53 1 0
groupinary/graph/generated.go:3940.18,3941.51 1 0
groupinary/graph/generated.go:3942.23,3943.56 1 0
groupinary/graph/generated.go:3944.17,3945.50 1 0
groupinary/graph/generated.go:3947.4,3947.85 1 0
groupinary/graph/generated.go:3950.2,3950.16 1 0
groupinary/graph/generated.go:3953.117,3955.16 2 0
groupinary/graph/generated.go:3955.16,3957.3 1 0
groupinary/graph/generated.go:3958.2,3959.15 2 0
groupinary/graph/generated.go:3959.15,3960.31 1 0
groupinary/graph/generated.go:3960.31,3963.4 2 0
groupinary/graph/generated.go:3965.2,3965.92 1 0
groupinary/graph/generated.go:3965.92,3968.3 2 0
groupinary/graph/generated.go:3969.2,3969.16 1 0
groupinary/graph/generated.go:3969.16,3972.3 2 0
groupinary/graph/generated.go:3973.2,3973.19 1 0
groupinary/graph/generated.go:3973.19,3974.38 1 0
groupinary/graph/generated.go:3974.38,3976.4 1 0
groupinary/graph/generated.go:3977.3,3977.22 1 0
groupinary/graph/generated.go:3979.2,3981.99 3 0
groupinary/graph/generated.go:3984.143,3990.97 1 0
groupinary/graph/generated.go:3990.97,3991.22 1 0
groupinary/graph/generated.go:3992.17,3993.60 1 0
groupinary/graph/generated.go:3994.20,3995.63 1 0
groupinary/graph/generated.go:3996.22,3997.65 1 0
groupinary/graph/generated.go:3999.4,3999.95 1 0
groupinary/graph/generated.go:4002.2,4002.15 1 0
groupinary/graph/generated.go:4002.15,4003.31 1 0
groupinary/graph/generated.go:4003.31,4006.4 2 0
groupinary/graph/generated.go:4008.2,4009.96 2 0
groupinary/graph/generated.go:4009.96,4012.3 2 0
groupinary/graph/generated.go:4013.2,4013.16 1 0
groupinary/graph/generated.go:4016.123,4018.16 2 0
groupinary/graph/generated.go:4018.16,4020.3 1 0
groupinary/graph/generated.go:4021.2,4022.15 2 0
groupinary/graph/generated.go:4022.15,4023.31 1 0
groupinary/graph/generated.go:4023.31,4026.4 2 0
groupinary/graph/generated.go:4028.2,4028.92 1 0
groupinary/graph/generated.go:4028.92,4031.3 2 0
groupinary/graph/generated.go:4032.2,4032.16 1 0
groupinary/graph/generated.go:4032.16,4035.3 2 0
groupinary/graph/generated.go:4036.2,4036.19 1 0
groupinary/graph/generated.go:4036.19,4037.38 1 0
groupinary/graph/generated.go:4037.38,4039.4 1 0
groupinary/graph/generated.go:4040.3,4040.22 1 0
groupinary/graph/generated.go:4042.2,4044.79 3 0
groupinary/graph/generated.go:4047.149,4053.97 1 0
groupinary/graph/generated.go:4053.97,4054.22 1 0
groupinary/graph/generated.go:4055.14,4056.47 1 0
groupinary/graph/generated.go:4057.22,4058.55 1 0
groupinary/graph/generated.go:4059.22,4060.55 1 0
groupinary/graph/generated.go:4061.18,4062.51 1 0
groupinary/graph/generated.go:4063.21,4064.54 1 0
groupinary/graph/generated.go:4065.20,4066.53 1 0
groupinary/graph/generated.go:4067.20,4068.53 1 0
groupinary/graph/generated.go:4069.18,4070.51 1 0
groupinary/graph/generated.go:4071.23,4072.56 1 0
groupinary/graph/generated.go:4073.17,4074.50 1 0
groupinary/graph/generated.go:4076.4,4076.85 1 0
groupinary/graph/generated.go:4079.2,4079.15 1 0
groupinary/graph/generated.go:4079.15,4080.31 1 0
groupinary/graph/generated.go:4080.31,4083.4 2 0
groupinary/graph/generated.go:4085.2,4086.102 2 0
groupinary/graph/generated.go:4086.102,4089.3 2 0
groupinary/graph/generated.go:4090.2,4090.16 1 0
groupinary/graph/generated.go:4093.134,4095.16 2 0
groupinary/graph/generated.go:4095.16,4097.3 1 0
groupinary/graph/generated.go:4098.2,4099.15 2 0
groupinary/graph/generated.go:4099.15,4100.31 1 0
groupinary/graph/generated.go:4100.31,4103.4 2 0
groupinary/graph/generated.go:4105.2,4105.92 1 0
groupinary/graph/generated.go:4105.92,4108.3 2 0
groupinary/graph/generated.go:4109.2,4109.16 1 0
groupinary/graph/generated.go:4109.16,4112.3 2 0
groupinary/graph/generated.go:4113.2,4113.19 1 0
groupinary/graph/generated.go:4113.19,4114.38 1 0
groupinary/graph/generated.go:4114.38,4116.4 1 0
groupinary/graph/generated.go:4117.3,4117.22 1 0
groupinary/graph/generated.go:4119.2,4121.111 3 0
groupinary/graph/generated.go:4124.160,4130.97 1 0
groupinary/graph/generated.go:4130.97,4131.22 1 0
groupinary/graph/generated.go:4132.17,4133.66 1 0
groupinary/graph/generated.go:4134.20,4135.69 1 0
groupinary/graph/generated.go:4136.22,4137.71 1 0
groupinary/graph/generated.go:4139.4,4139.101 1 0
groupinary/graph/generated.go:4142.2,4142.15 1 0
groupinary/graph/generated.go:4142.15,4143.31 1 0
groupinary/graph/generated.go:4143.31,4146.4 2 0
groupinary/graph/generated.go:4148.2,4149.113 2 0
groupinary/graph/generated.go:4149.113,4152.3 2 0
groupinary/graph/generated.go:4153.2,4153.16 1 0
groupinary/graph/generated.go:4156.118,4158.16 2 0
groupinary/graph/generated.go:4158.16,4160.3 1 0
groupinary/graph/generated.go:4161.2,4162.15 2 0
groupinary/graph/generated.go:4162.15,4163.31 1 0
groupinary/graph/generated.go:4163.31,4166.4 2 0
groupinary/graph/generated.go:4168.2,4168.92 1 0
groupinary/graph/generated.go:4168.92,4171.3 2 0
groupinary/graph/generated.go:4172.2,4172.16 1 0
groupinary/graph/generated.go:4172.16,4175.3 2 0
groupinary/graph/generated.go:4176.2,4176.19 1 0
groupinary/graph/generated.go:4176.19,4178.3 1 0
groupinary/graph/generated.go:4179.2,4181.124 3 0
groupinary/graph/generated.go:4184.144,4190.97 1 0
groupinary/graph/generated.go:4190.97,4191.22 1 0
groupinary/graph/generated.go:4192.16,4193.51 1 0
groupinary/graph/generated.go:4194.16,4195.51 1 0
groupinary/graph/generated.go:4196.23,4197.58 1 0
groupinary/graph/generated.go:4198.18,4199.53 1 0
groupinary/graph/generated.go:4200.22,4201.57 1 0
groupinary/graph/generated.go:4202.25,4203.60 1 0
groupinary/graph/generated.go:4204.22,4205.57 1 0
groupinary/graph/generated.go:4206.23,4207.58 1 0
groupinary/graph/generated.go:4208.18,4209.53 1 0
groupinary/graph/generated.go:4210.26,4211.61 1 0
groupinary/graph/generated.go:4213.4,4213.87 1 0
groupinary/graph/generated.go:4216.2,4216.15 1 0
groupinary/graph/generated.go:4216.15,4217.31 1 0
groupinary/graph/generated.go:4217.31,4220.4 2 0
groupinary/graph/generated.go:4222.2,4223.97 2 0
groupinary/graph/generated.go:4223.97,4226.3 2 0
groupinary/graph/generated.go:4227.2,4227.16 1 0
groupinary/graph/generated.go:4230.120,4232.16 2 0
groupinary/graph/generated.go:4232.16,4234.3 1 0
groupinary/graph/generated.go:4235.2,4236.15 2 0
groupinary/graph/generated.go:4236.15,4237.31 1 0
groupinary/graph/generated.go:4237.31,4240.4 2 0
groupinary/graph/generated.go:4242.2,4242.92 1 0
groupinary/graph/generated.go:4242.92,4245.3 2 0
groupinary/graph/generated.go:4246.2,4246.16 1 0
groupinary/graph/generated.go:4246.16,4249.3 2 0
groupinary/graph/generated.go:4250.2,4250.19 1 0
groupinary/graph/generated.go:4250.19,4252.3 1 0
groupinary/graph/generated.go:4253.2,4255.128 3 0
groupinary/graph/generated.go:4258.146,4264.97 1 0
groupinary/graph/generated.go:4264.97,4265.22 1 0
groupinary/graph/generated.go:4266.23,4267.60 1 0
groupinary/graph/generated.go:4268.17,4269.54 1 0
groupinary/graph/generated.go:4270.21,4271.58 1 0
groupinary/graph/generated.go:4272.24,4273.61 1 0
groupinary/graph/generated.go:4274.28,4275.65 1 0
groupinary/graph/generated.go:4276.22,4277.59 1 0
groupinary/graph/generated.go:4279.4,4279.89 1 0
groupinary/graph/generated.go:4282.2,4282.16 1 0
groupinary/graph/generated.go:4285.128,4287.16 2 0
groupinary/graph/generated.go:4287.16,4289.3 1 0
groupinary/graph/generated.go:4290.2,4291.15 2 0
groupinary/graph/generated.go:4291.15,4292.31 1 0
groupinary/graph/generated.go:4292.31,4295.4 2 0
groupinary/graph/generated.go:4297.2,4297.92 1 0
groupinary/graph/generated.go:4297.92,4300.3 2 0
groupinary/graph/generated.go:4301.2,4301.16 1 0
groupinary/graph/generated.go:4301.16,4304.3 2 0
groupinary/graph/generated.go:4305.2,4305.19 1 0
groupinary/graph/generated.go:4305.19,4306.38 1 0
groupinary/graph/generated.go:4306.38,4308.4 1 0
groupinary/graph/generated.go:4309.3,4309.22 1 0
groupinary/graph/generated.go:4311.2,4313.54 3 0
groupinary/graph/generated.go:4316.139,4322.97 1 0
groupinary/graph/generated.go:4322.97,4324.4 1 0
groupinary/graph/generated.go:4326.2,4326.16 1 0
groupinary/graph/generated.go:4329.136,4331.16 2 0
groupinary/graph/generated.go:4331.16,4333.3 1 0
groupinary/graph/generated.go:4334.2,4335.15 2 0
groupinary/graph/generated.go:4335.15,4336.31 1 0
groupinary/graph/generated.go:4336.31,4339.4 2 0
groupinary/graph/generated.go:4341.2,4341.92 1 0
groupinary/graph/generated.go:4341.92,4344.3 2 0
groupinary/graph/generated.go:4345.2,4345.16 1 0
groupinary/graph/generated.go:4345.16,4348.3 2 0
groupinary/graph/generated.go:4349.2,4349.19 1 0
groupinary/graph/generated.go:4349.19,4350.38 1 0
groupinary/graph/generated.go:4350.38,4352.4 1 0
groupinary/graph/generated.go:4353.3,4353.22 1 0
groupinary/graph/generated.go:4355.2,4357.64 3 0
groupinary/graph/generated.go:4360.147,4366.97 1 0
groupinary/graph/generated.go:4366.97,4368.4 1 0
groupinary/graph/generated.go:4370.2,4370.16 1 0
groupinary/graph/generated.go:4373.136,4375.16 2 0
groupinary/graph/generated.go:4375.16,4377.3 1 0
groupinary/graph/generated.go:4378.2,4379.15 2 0
groupinary/graph/generated.go:4379.15,4380.31 1 0
groupinary/graph/generated.go:4380.31,4383.4 2 0
groupinary/graph/generated.go:4385.2,4385.92 1 0
groupinary/graph/generated.go:4385.92,4388.3 2 0
groupinary/graph/generated.go:4389.2,4389.16 1 0
groupinary/graph/generated.go:4389.16,4392.3 2 0
groupinary/graph/generated.go:4393.2,4393.19 1 0
groupinary/graph/generated.go:4393.19,4394.38 1 0
groupinary/graph/generated.go:4394.38,4396.4 1 0
groupinary/graph/generated.go:4397.3,4397.22 1 0
groupinary/graph/generated.go:4399.2,4401.64 3 0
groupinary/graph/generated.go:4404.147,4410.97 1 0
groupinary/graph/generated.go:4410.97,4412.4 1 0
groupinary/graph/generated.go:4414.2,4414.16 1 0
groupinary/graph/generated.go:4417.132,4419.16 2 0
groupinary/graph/generated.go:4419.16,4421.3 1 0
groupinary/graph/generated.go:4422.2,4423.15 2 0
groupinary/graph/generated.go:4423.15,4424.31 1 0
[...]
groupinary/graph/generated.go:12526.2,12527.14 2 0
groupinary/graph/generated.go:12527.14,12529.3 1 0
groupinary/graph/generated.go:12530.2,12532.24 3 0
groupinary/graph/generated.go:12532.24,12535.17 3 0
groupinary/graph/generated.go:12535.17,12537.4 1 0
groupinary/graph/generated.go:12539.2,12539.17 1 0
groupinary/graph/generated.go:12542.174,12543.14 1 0
groupinary/graph/generated.go:12543.14,12545.3 1 0
groupinary/graph/generated.go:12546.2,12547.44 2 0
groupinary/graph/generated.go:12550.154,12551.14 1 0
groupinary/graph/generated.go:12551.14,12553.3 1 0
groupinary/graph/generated.go:12554.2,12557.13 4 0
groupinary/graph/generated.go:12557.13,12559.3 1 0
groupinary/graph/generated.go:12560.2,12560.19 1 0
groupinary/graph/generated.go:12560.19,12567.20 4 0
groupinary/graph/generated.go:12567.20,12568.17 1 0
groupinary/graph/generated.go:12568.17,12569.33 1 0
groupinary/graph/generated.go:12569.33,12572.6 2 0
groupinary/graph/generated.go:12574.4,12574.15 1 0
groupinary/graph/generated.go:12574.15,12576.5 1 0
groupinary/graph/generated.go:12577.4,12577.73 1 0
groupinary/graph/generated.go:12579.3,12579.13 1 0
groupinary/graph/generated.go:12579.13,12581.4 1 0
groupinary/graph/generated.go:12581.9,12583.4 1 0
groupinary/graph/generated.go:12586.2,12588.24 2 0
groupinary/graph/generated.go:12588.24,12589.24 1 0
groupinary/graph/generated.go:12589.24,12591.4 1 0
groupinary/graph/generated.go:12594.2,12594.12 1 0
groupinary/graph/generated.go:12597.167,12598.14 1 0
groupinary/graph/generated.go:12598.14,12600.3 1 0
groupinary/graph/generated.go:12601.2,12602.14 2 0
groupinary/graph/generated.go:12602.14,12604.3 1 0
groupinary/graph/generated.go:12605.2,12607.24 3 0
groupinary/graph/generated.go:12607.24,12610.17 3 0
groupinary/graph/generated.go:12610.17,12612.4 1 0
groupinary/graph/generated.go:12614.2,12614.17 1 0
groupinary/graph/generated.go:12617.159,12618.14 1 0
groupinary/graph/generated.go:12618.14,12620.3 1 0
groupinary/graph/generated.go:12621.2,12622.44 2 0
groupinary/graph/generated.go:12625.103,12626.14 1 0
groupinary/graph/generated.go:12626.14,12628.3 1 0
groupinary/graph/generated.go:12629.2,12630.14 2 0
groupinary/graph/generated.go:12630.14,12632.3 1 0
groupinary/graph/generated.go:12633.2,12635.24 3 0
groupinary/graph/generated.go:12635.24,12638.17 3 0
groupinary/graph/generated.go:12638.17,12640.4 1 0
groupinary/graph/generated.go:12642.2,12642.17 1 0
groupinary/graph/generated.go:12645.120,12646.14 1 0
groupinary/graph/generated.go:12646.14,12648.3 1 0
groupinary/graph/generated.go:12649.2,12650.19 2 0
groupinary/graph/generated.go:12650.19,12652.3 1 0
groupinary/graph/generated.go:12654.2,12654.24 1 0
groupinary/graph/generated.go:12654.24,12655.24 1 0
groupinary/graph/generated.go:12655.24,12657.4 1 0
groupinary/graph/generated.go:12660.2,12660.12 1 0
groupinary/graph/generated.go:12663.99,12664.14 1 0
groupinary/graph/generated.go:12664.14,12666.3 1 0
groupinary/graph/generated.go:12667.2,12668.44 2 0
groupinary/graph/generated.go:12671.116,12672.14 1 0
groupinary/graph/generated.go:12672.14,12674.3 1 0
groupinary/graph/generated.go:12675.2,12676.12 2 0
groupinary/graph/generated.go:12679.100,12680.14 1 0
groupinary/graph/generated.go:12680.14,12682.3 1 0
groupinary/graph/generated.go:12683.2,12684.44 2 0
groupinary/graph/generated.go:12687.117,12688.14 1 0
groupinary/graph/generated.go:12688.14,12690.3 1 0
groupinary/graph/generated.go:12691.2,12692.12 2 0
groupinary/graph/generated.go:12695.141,12696.14 1 0
groupinary/graph/generated.go:12696.14,12698.3 1 0
groupinary/graph/generated.go:12699.2,12699.30 1 0
groupinary/graph/generated.go:12702.105,12705.2 2 0
groupinary/graph/generated.go:12707.122,12710.2 2 0
groupinary/graph/generated.go:12712.113,12713.14 1 0
groupinary/graph/generated.go:12713.14,12715.3 1 0
groupinary/graph/generated.go:12716.2,12717.14 2 0
groupinary/graph/generated.go:12717.14,12719.3 1 0
groupinary/graph/generated.go:12720.2,12722.24 3 0
groupinary/graph/generated.go:12722.24,12725.17 3 0
groupinary/graph/generated.go:12725.17,12727.4 1 0
groupinary/graph/generated.go:12729.2,12729.17 1 0
groupinary/graph/generated.go:12732.130,12733.14 1 0
groupinary/graph/generated.go:12733.14,12735.3 1 0
groupinary/graph/generated.go:12736.2,12737.19 2 0
groupinary/graph/generated.go:12737.19,12739.3 1 0
groupinary/graph/generated.go:12741.2,12741.24 1 0
groupinary/graph/generated.go:12741.24,12742.24 1 0
groupinary/graph/generated.go:12742.24,12744.4 1 0
groupinary/graph/generated.go:12747.2,12747.12 1 0
groupinary/graph/generated.go:12750.109,12751.14 1 0
groupinary/graph/generated.go:12751.14,12753.3 1 0
groupinary/graph/generated.go:12754.2,12755.44 2 0
groupinary/graph/generated.go:12758.126,12759.14 1 0
groupinary/graph/generated.go:12759.14,12761.3 1 0
groupinary/graph/generated.go:12762.2,12763.12 2 0
groupinary/graph/generated.go:12766.119,12767.14 1 0
groupinary/graph/generated.go:12767.14,12769.3 1 0
groupinary/graph/generated.go:12770.2,12771.14 2 0
groupinary/graph/generated.go:12771.14,12773.3 1 0
groupinary/graph/generated.go:12774.2,12776.24 3 0
groupinary/graph/generated.go:12776.24,12779.17 3 0
groupinary/graph/generated.go:12779.17,12781.4 1 0
groupinary/graph/generated.go:12783.2,12783.17 1 0
groupinary/graph/generated.go:12786.136,12787.14 1 0
groupinary/graph/generated.go:12787.14,12789.3 1 0
groupinary/graph/generated.go:12790.2,12791.19 2 0
groupinary/graph/generated.go:12791.19,12793.3 1 0
groupinary/graph/generated.go:12795.2,12795.24 1 0
groupinary/graph/generated.go:12795.24,12796.24 1 0
groupinary/graph/generated.go:12796.24,12798.4 1 0
groupinary/graph/generated.go:12801.2,12801.12 1 0
groupinary/graph/generated.go:12804.115,12805.14 1 0
groupinary/graph/generated.go:12805.14,12807.3 1 0
groupinary/graph/generated.go:12808.2,12809.44 2 0
groupinary/graph/generated.go:12812.132,12813.14 1 0
groupinary/graph/generated.go:12813.14,12815.3 1 0
groupinary/graph/generated.go:12816.2,12817.12 2 0
groupinary/graph/generated.go:12820.151,12821.14 1 0
groupinary/graph/generated.go:12821.14,12823.3 1 0
groupinary/graph/generated.go:12824.2,12827.13 4 0
groupinary/graph/generated.go:12827.13,12829.3 1 0
groupinary/graph/generated.go:12830.2,12830.19 1 0
groupinary/graph/generated.go:12830.19,12837.20 4 0
groupinary/graph/generated.go:12837.20,12838.17 1 0
groupinary/graph/generated.go:12838.17,12839.33 1 0
groupinary/graph/generated.go:12839.33,12842.6 2 0
groupinary/graph/generated.go:12844.4,12844.15 1 0
groupinary/graph/generated.go:12844.15,12846.5 1 0
groupinary/graph/generated.go:12847.4,12847.71 1 0
groupinary/graph/generated.go:12849.3,12849.13 1 0
groupinary/graph/generated.go:12849.13,12851.4 1 0
groupinary/graph/generated.go:12851.9,12853.4 1 0
groupinary/graph/generated.go:12856.2,12858.24 2 0
groupinary/graph/generated.go:12858.24,12859.24 1 0
groupinary/graph/generated.go:12859.24,12861.4 1 0
groupinary/graph/generated.go:12864.2,12864.12 1 0
groupinary/graph/generated.go:12867.143,12868.14 1 0
groupinary/graph/generated.go:12868.14,12870.3 1 0
groupinary/graph/generated.go:12871.2,12871.30 1 0
groupinary/graph/generated.go:12874.164,12875.14 1 0
groupinary/graph/generated.go:12875.14,12877.3 1 0
groupinary/graph/generated.go:12878.2,12879.14 2 0
groupinary/graph/generated.go:12879.14,12881.3 1 0
groupinary/graph/generated.go:12882.2,12884.24 3 0
groupinary/graph/generated.go:12884.24,12887.17 3 0
groupinary/graph/generated.go:12887.17,12889.4 1 0
groupinary/graph/generated.go:12891.2,12891.17 1 0
groupinary/graph/generated.go:12894.156,12895.14 1 0
groupinary/graph/generated.go:12895.14,12897.3 1 0
groupinary/graph/generated.go:12898.2,12899.44 2 0
groupinary/graph/generated.go:12902.151,12903.14 1 0
groupinary/graph/generated.go:12903.14,12905.3 1 0
groupinary/graph/generated.go:12906.2,12909.13 4 0
groupinary/graph/generated.go:12909.13,12911.3 1 0
groupinary/graph/generated.go:12912.2,12912.19 1 0
groupinary/graph/generated.go:12912.19,12919.20 4 0
groupinary/graph/generated.go:12919.20,12920.17 1 0
groupinary/graph/generated.go:12920.17,12921.33 1 0
groupinary/graph/generated.go:12921.33,12924.6 2 0
groupinary/graph/generated.go:12926.4,12926.15 1 0
groupinary/graph/generated.go:12926.15,12928.5 1 0
groupinary/graph/generated.go:12929.4,12929.71 1 0
groupinary/graph/generated.go:12931.3,12931.13 1 0
groupinary/graph/generated.go:12931.13,12933.4 1 0
groupinary/graph/generated.go:12933.9,12935.4 1 0
groupinary/graph/generated.go:12938.2,12940.24 2 0
groupinary/graph/generated.go:12940.24,12941.24 1 0
groupinary/graph/generated.go:12941.24,12943.4 1 0
groupinary/graph/generated.go:12946.2,12946.12 1 0
groupinary/graph/generated.go:12949.143,12950.14 1 0
groupinary/graph/generated.go:12950.14,12952.3 1 0
groupinary/graph/generated.go:12953.2,12953.30 1 0
groupinary/graph/generated.go:12956.160,12957.14 1 0
groupinary/graph/generated.go:12957.14,12959.3 1 0
groupinary/graph/generated.go:12960.2,12963.13 4 0
groupinary/graph/generated.go:12963.13,12965.3 1 0
groupinary/graph/generated.go:12966.2,12966.19 1 0
groupinary/graph/generated.go:12966.19,12973.20 4 0
groupinary/graph/generated.go:12973.20,12974.17 1 0
groupinary/graph/generated.go:12974.17,12975.33 1 0
groupinary/graph/generated.go:12975.33,12978.6 2 0
groupinary/graph/generated.go:12980.4,12980.15 1 0
groupinary/graph/generated.go:12980.15,12982.5 1 0
groupinary/graph/generated.go:12983.4,12983.79 1 0
groupinary/graph/generated.go:12985.3,12985.13 1 0
groupinary/graph/generated.go:12985.13,12987.4 1 0
groupinary/graph/generated.go:12987.9,12989.4 1 0
groupinary/graph/generated.go:12992.2,12994.12 2 0
groupinary/graph/generated.go:12997.155,12998.14 1 0
groupinary/graph/generated.go:12998.14,13000.3 1 0
groupinary/graph/generated.go:13001.2,13001.34 1 0
groupinary/graph/generated.go:13004.141,13005.14 1 0
groupinary/graph/generated.go:13005.14,13007.3 1 0
groupinary/graph/generated.go:13008.2,13009.44 2 0
groupinary/graph/generated.go:13012.164,13013.14 1 0
groupinary/graph/generated.go:13013.14,13015.3 1 0
groupinary/graph/generated.go:13016.2,13017.14 2 0
groupinary/graph/generated.go:13017.14,13019.3 1 0
groupinary/graph/generated.go:13020.2,13022.24 3 0
groupinary/graph/generated.go:13022.24,13025.17 3 0
groupinary/graph/generated.go:13025.17,13027.4 1 0
groupinary/graph/generated.go:13029.2,13029.17 1 0
groupinary/graph/generated.go:13032.156,13033.14 1 0
groupinary/graph/generated.go:13033.14,13035.3 1 0
groupinary/graph/generated.go:13036.2,13037.44 2 0
groupinary/graph/generated.go:13040.217,13041.14 1 0
groupinary/graph/generated.go:13041.14,13043.3 1 0
groupinary/graph/generated.go:13044.2,13047.13 4 0
groupinary/graph/generated.go:13047.13,13049.3 1 0
groupinary/graph/generated.go:13050.2,13050.19 1 0
groupinary/graph/generated.go:13050.19,13057.20 4 0
groupinary/graph/generated.go:13057.20,13058.17 1 0
groupinary/graph/generated.go:13058.17,13059.33 1 0
groupinary/graph/generated.go:13059.33,13062.6 2 0
groupinary/graph/generated.go:13064.4,13064.15 1 0
groupinary/graph/generated.go:13064.15,13066.5 1 0
groupinary/graph/generated.go:13067.4,13067.123 1 0
groupinary/graph/generated.go:13069.3,13069.13 1 0
groupinary/graph/generated.go:13069.13,13071.4 1 0
groupinary/graph/generated.go:13071.9,13073.4 1 0
groupinary/graph/generated.go:13076.2,13078.24 2 0
groupinary/graph/generated.go:13078.24,13079.24 1 0
groupinary/graph/generated.go:13079.24,13081.4 1 0
groupinary/graph/generated.go:13084.2,13084.12 1 0
groupinary/graph/generated.go:13087.205,13088.14 1 0
groupinary/graph/generated.go:13088.14,13090.3 1 0
groupinary/graph/generated.go:13091.2,13094.13 4 0
groupinary/graph/generated.go:13094.13,13096.3 1 0
groupinary/graph/generated.go:13097.2,13097.19 1 0
groupinary/graph/generated.go:13097.19,13104.20 4 0
groupinary/graph/generated.go:13104.20,13105.17 1 0
groupinary/graph/generated.go:13105.17,13106.33 1 0
groupinary/graph/generated.go:13106.33,13109.6 2 0
groupinary/graph/generated.go:13111.4,13111.15 1 0
groupinary/graph/generated.go:13111.15,13113.5 1 0
groupinary/graph/generated.go:13114.4,13114.115 1 0
groupinary/graph/generated.go:13116.3,13116.13 1 0
groupinary/graph/generated.go:13116.13,13118.4 1 0
groupinary/graph/generated.go:13118.9,13120.4 1 0
groupinary/graph/generated.go:13123.2,13125.24 2 0
groupinary/graph/generated.go:13125.24,13126.24 1 0
groupinary/graph/generated.go:13126.24,13128.4 1 0
groupinary/graph/generated.go:13131.2,13131.12 1 0
groupinary/graph/generated.go:13134.220,13135.14 1 0
groupinary/graph/generated.go:13135.14,13137.3 1 0
groupinary/graph/generated.go:13138.2,13141.13 4 0
groupinary/graph/generated.go:13141.13,13143.3 1 0
groupinary/graph/generated.go:13144.2,13144.19 1 0
groupinary/graph/generated.go:13144.19,13151.20 4 0
groupinary/graph/generated.go:13151.20,13152.17 1 0
groupinary/graph/generated.go:13152.17,13153.33 1 0
groupinary/graph/generated.go:13153.33,13156.6 2 0
groupinary/graph/generated.go:13158.4,13158.15 1 0
groupinary/graph/generated.go:13158.15,13160.5 1 0
groupinary/graph/generated.go:13161.4,13161.125 1 0
groupinary/graph/generated.go:13163.3,13163.13 1 0
groupinary/graph/generated.go:13163.13,13165.4 1 0
groupinary/graph/generated.go:13165.9,13167.4 1 0
groupinary/graph/generated.go:13170.2,13172.24 2 0
groupinary/graph/generated.go:13172.24,13173.24 1 0
groupinary/graph/generated.go:13173.24,13175.4 1 0
groupinary/graph/generated.go:13178.2,13178.12 1 0
groupinary/graph/generated.go:13181.204,13182.14 1 0
groupinary/graph/generated.go:13182.14,13184.3 1 0
groupinary/graph/generated.go:13185.2,13185.34 1 0
groupinary/graph/generated.go:13188.202,13189.14 1 0
groupinary/graph/generated.go:13189.14,13191.3 1 0
groupinary/graph/generated.go:13192.2,13195.13 4 0
groupinary/graph/generated.go:13195.13,13197.3 1 0
groupinary/graph/generated.go:13198.2,13198.19 1 0
groupinary/graph/generated.go:13198.19,13205.20 4 0
groupinary/graph/generated.go:13205.20,13206.17 1 0
groupinary/graph/generated.go:13206.17,13207.33 1 0
groupinary/graph/generated.go:13207.33,13210.6 2 0
groupinary/graph/generated.go:13212.4,13212.15 1 0
groupinary/graph/generated.go:13212.15,13214.5 1 0
groupinary/graph/generated.go:13215.4,13215.113 1 0
groupinary/graph/generated.go:13217.3,13217.13 1 0
groupinary/graph/generated.go:13217.13,13219.4 1 0
groupinary/graph/generated.go:13219.9,13221.4 1 0
groupinary/graph/generated.go:13224.2,13226.24 2 0
groupinary/graph/generated.go:13226.24,13227.24 1 0
groupinary/graph/generated.go:13227.24,13229.4 1 0
groupinary/graph/generated.go:13232.2,13232.12 1 0
groupinary/graph/generated.go:13235.198,13236.14 1 0
groupinary/graph/generated.go:13236.14,13238.3 1 0
groupinary/graph/generated.go:13239.2,13239.32 1 0
groupinary/graph/resolvers/ent.resolvers.go:16.78,18.2 1 0
groupinary/graph/resolvers/ent.resolvers.go:21.84,23.2 1 0
groupinary/graph/resolvers/ent.resolvers.go:26.234,33.2 1 0
groupinary/graph/resolvers/ent.resolvers.go:36.75,38.2 1 0
groupinary/graph/resolvers/ent.resolvers.go:41.73,43.2 1 0
groupinary/graph/resolvers/ent.resolvers.go:46.210,53.2 1 0
groupinary/graph/resolvers/ent.resolvers.go:56.48,56.76 1 0
groupinary/graph/resolvers/mutations.resolvers.go:15.115,20.2 3 0
groupinary/graph/resolvers/mutations.resolvers.go:23.106,29.2 3 0
groupinary/graph/resolvers/mutations.resolvers.go:32.83,33.65 1 0
groupinary/graph/resolvers/mutations.resolvers.go:33.65,35.3 1 0
groupinary/graph/resolvers/mutations.resolvers.go:36.2,36.18 1 0
groupinary/graph/resolvers/mutations.resolvers.go:40.82,41.64 1 0
groupinary/graph/resolvers/mutations.resolvers.go:41.64,43.3 1 0
groupinary/graph/resolvers/mutations.resolvers.go:44.2,44.18 1 0
groupinary/graph/resolvers/mutations.resolvers.go:48.88,49.70 1 0
groupinary/graph/resolvers/mutations.resolvers.go:49.70,51.3 1 0
groupinary/graph/resolvers/mutations.resolvers.go:52.2,52.18 1 0
groupinary/graph/resolvers/mutations.resolvers.go:56.137,58.16 2 0
groupinary/graph/resolvers/mutations.resolvers.go:58.16,60.3 1 0
groupinary/graph/resolvers/mutations.resolvers.go:62.2,68.20 2 0
groupinary/graph/resolvers/mutations.resolvers.go:72.121,74.16 2 0
groupinary/graph/resolvers/mutations.resolvers.go:74.16,76.3 1 0
groupinary/graph/resolvers/mutations.resolvers.go:78.2,82.27 2 0
groupinary/graph/resolvers/mutations.resolvers.go:82.27,87.17 2 0
groupinary/graph/resolvers/mutations.resolvers.go:87.17,89.4 1 0
groupinary/graph/resolvers/mutations.resolvers.go:91.3,91.40 1 0
groupinary/graph/resolvers/mutations.resolvers.go:94.2,94.29 1 0
groupinary/graph/resolvers/mutations.resolvers.go:98.139,100.16 2 0
groupinary/graph/resolvers/mutations.resolvers.go:100.16,102.3 1 0
groupinary/graph/resolvers/mutations.resolvers.go:104.2,108.28 2 0
groupinary/graph/resolvers/mutations.resolvers.go:108.28,113.17 2 0
groupinary/graph/resolvers/mutations.resolvers.go:113.17,115.4 1 0
groupinary/graph/resolvers/mutations.resolvers.go:117.3,117.40 1 0
groupinary/graph/resolvers/mutations.resolvers.go:120.2,122.29 2 0
groupinary/graph/resolvers/mutations.resolvers.go:126.119,128.16 2 0
groupinary/graph/resolvers/mutations.resolvers.go:128.16,130.3 1 0
groupinary/graph/resolvers/mutations.resolvers.go:132.2,137.35 2 0
groupinary/graph/resolvers/mutations.resolvers.go:141.108,147.2 3 0
groupinary/graph/resolvers/mutations.resolvers.go:150.111,156.2 3 0
groupinary/graph/resolvers/mutations.resolvers.go:159.129,165.2 3 0
groupinary/graph/resolvers/mutations.resolvers.go:168.54,168.85 1 0
groupinary/graph/resolvers/queries.resolvers.go:16.89,18.16 2 0
groupinary/graph/resolvers/queries.resolvers.go:18.16,20.3 1 0
groupinary/graph/resolvers/queries.resolvers.go:21.2,21.42 1 0
groupinary/graph/resolvers/queries.resolvers.go:25.258,32.2 1 0
groupinary/graph/resolvers/resolver.go:19.35,21.2 1 0
groupinary/graph/resolvers/resolver.go:24.61,28.2 1 0
groupinary/middleware/jwt.go:26.59,28.2 1 1
groupinary/middleware/jwt.go:30.32,32.16 2 1
groupinary/middleware/jwt.go:32.16,34.3 1 0
groupinary/middleware/jwt.go:35.2,36.18 2 1
groupinary/middleware/jwt.go:39.74,46.60 2 2
groupinary/middleware/jwt.go:46.60,48.4 1 0
groupinary/middleware/jwt.go:51.2,51.16 1 2
groupinary/middleware/jwt.go:51.16,53.3 1 1
groupinary/middleware/jwt.go:54.2,54.26 1 1
groupinary/middleware/jwt.go:57.62,62.2 4 0
groupinary/middleware/jwt.go:65.80,67.74 2 0
groupinary/middleware/jwt.go:67.74,69.3 1 0
groupinary/middleware/jwt.go:71.2,72.16 2 0
groupinary/middleware/jwt.go:72.16,73.47 1 0
groupinary/middleware/jwt.go:73.47,74.73 1 0
groupinary/middleware/jwt.go:74.73,76.5 1 0
groupinary/middleware/jwt.go:80.2,82.53 2 0
groupinary/middleware/jwt.go:85.151,90.2 1 0
groupinary/middleware/jwt.go:92.129,93.46 1 0
groupinary/middleware/jwt.go:93.46,95.66 1 0
groupinary/middleware/jwt.go:95.66,97.12 2 0
groupinary/middleware/jwt.go:97.12,100.6 2 0
groupinary/middleware/jwt.go:101.5,105.34 3 0
groupinary/middleware/jwt.go:105.34,107.20 2 0
groupinary/middleware/jwt.go:107.20,111.7 3 0
groupinary/middleware/jwt.go:114.5,118.25 3 0
groupinary/middleware/jwt.go:124.70,126.16 2 0
groupinary/middleware/jwt.go:126.16,127.26 1 0
groupinary/middleware/jwt.go:127.26,129.4 1 0
groupinary/middleware/jwt.go:130.3,130.49 1 0
groupinary/middleware/jwt.go:132.2,132.21 1 0
groupinary/middleware/jwt.go:136.69,138.16 2 0
groupinary/middleware/jwt.go:138.16,140.3 1 0
groupinary/middleware/jwt.go:141.2,142.21 2 0
groupinary/seeddata/seeddata.go:9.58,16.16 1 0
groupinary/seeddata/seeddata.go:16.16,18.3 1 0
groupinary/seeddata/seeddata.go:21.2,24.22 2 0
groupinary/seeddata/seeddata.go:24.22,26.3 1 0
groupinary/seeddata/seeddata.go:29.2,32.22 2 0
groupinary/seeddata/seeddata.go:32.22,34.3 1 0
groupinary/seeddata/seeddata.go:37.2,40.22 2 0
groupinary/seeddata/seeddata.go:40.22,42.3 1 0
groupinary/seeddata/seeddata.go:45.2,141.12 6 0
groupinary/utils/UserIdContext.go:11.74,13.2 1 1
groupinary/utils/UserIdContext.go:15.64,17.9 2 2
groupinary/utils/UserIdContext.go:17.9,19.3 1 1
groupinary/utils/UserIdContext.go:20.2,20.23 1 1
